Using pre-set license
Built from '2022.3/staging' branch; Version is '2022.3.44f1 (c3ae09b9f03c) revision 12824073'; Using compiler version '192829333'; Build Type 'Release'
OS: 'Windows 11  (10.0.22631) 64bit CoreSingleLanguage' Language: 'en' Physical Memory: 16008 MB
BatchMode: 1, IsHumanControllingUs: 0, StartBugReporterOnCrash: 0, Is64bit: 1, IsPro: 1

COMMAND LINE ARGUMENTS:
C:\Program Files\Unity\Hub\Editor\2022.3.44f1\Editor\Unity.exe
-adb2
-batchMode
-noUpm
-name
AssetImportWorker0
-projectPath
D:/Data/Unity2D/bladeoflumora
-logFile
Logs/AssetImportWorker0.log
-srvPort
49989
Successfully changed project path to: D:/Data/Unity2D/bladeoflumora
D:/Data/Unity2D/bladeoflumora
[UnityMemory] Configuration Parameters - Can be set up in boot.config
    "memorysetup-bucket-allocator-granularity=16"
    "memorysetup-bucket-allocator-bucket-count=8"
    "memorysetup-bucket-allocator-block-size=33554432"
    "memorysetup-bucket-allocator-block-count=8"
    "memorysetup-main-allocator-block-size=16777216"
    "memorysetup-thread-allocator-block-size=16777216"
    "memorysetup-gfx-main-allocator-block-size=16777216"
    "memorysetup-gfx-thread-allocator-block-size=16777216"
    "memorysetup-cache-allocator-block-size=4194304"
    "memorysetup-typetree-allocator-block-size=2097152"
    "memorysetup-profiler-bucket-allocator-granularity=16"
    "memorysetup-profiler-bucket-allocator-bucket-count=8"
    "memorysetup-profiler-bucket-allocator-block-size=33554432"
    "memorysetup-profiler-bucket-allocator-block-count=8"
    "memorysetup-profiler-allocator-block-size=16777216"
    "memorysetup-profiler-editor-allocator-block-size=1048576"
    "memorysetup-temp-allocator-size-main=16777216"
    "memorysetup-job-temp-allocator-block-size=2097152"
    "memorysetup-job-temp-allocator-block-size-background=1048576"
    "memorysetup-job-temp-allocator-reduction-small-platforms=262144"
    "memorysetup-allocator-temp-initial-block-size-main=262144"
    "memorysetup-allocator-temp-initial-block-size-worker=262144"
    "memorysetup-temp-allocator-size-background-worker=32768"
    "memorysetup-temp-allocator-size-job-worker=262144"
    "memorysetup-temp-allocator-size-preload-manager=33554432"
    "memorysetup-temp-allocator-size-nav-mesh-worker=65536"
    "memorysetup-temp-allocator-size-audio-worker=65536"
    "memorysetup-temp-allocator-size-cloud-worker=32768"
    "memorysetup-temp-allocator-size-gi-baking-worker=262144"
    "memorysetup-temp-allocator-size-gfx=262144"
Player connection [19048]  Target information:

Player connection [19048]  * "[IP] 192.168.56.1 [Port] 0 [Flags] 2 [Guid] 2163700255 [EditorId] 2163700255 [Version] 1048832 [Id] WindowsEditor(7,DESKTOP-2F77F3H) [Debug] 1 [PackageName] WindowsEditor [ProjectName] Editor" 

Player connection [19048]  * "[IP] 192.168.1.6 [Port] 0 [Flags] 2 [Guid] 2163700255 [EditorId] 2163700255 [Version] 1048832 [Id] WindowsEditor(7,DESKTOP-2F77F3H) [Debug] 1 [PackageName] WindowsEditor [ProjectName] Editor" 

Player connection [19048] Host joined multi-casting on [225.0.0.222:54997]...
Player connection [19048] Host joined alternative multi-casting on [225.0.0.222:34997]...
[PhysX] Initialized MultithreadedTaskDispatcher with 16 workers.
Refreshing native plugins compatible for Editor in 14.44 ms, found 4 plugins.
Preloading 0 native plugins for Editor in 0.00 ms.
Initialize engine version: 2022.3.44f1 (c3ae09b9f03c)
[Subsystems] Discovering subsystems at path C:/Program Files/Unity/Hub/Editor/2022.3.44f1/Editor/Data/Resources/UnitySubsystems
[Subsystems] Discovering subsystems at path D:/Data/Unity2D/bladeoflumora/Assets
GfxDevice: creating device client; threaded=0; jobified=0
Direct3D:
    Version:  Direct3D 11.0 [level 11.1]
    Renderer: Intel(R) Iris(R) Xe Graphics (ID=0x46a6)
    Vendor:   Intel
    VRAM:     8004 MB
    Driver:   31.0.101.4255
Initialize mono
Mono path[0] = 'C:/Program Files/Unity/Hub/Editor/2022.3.44f1/Editor/Data/Managed'
Mono path[1] = 'C:/Program Files/Unity/Hub/Editor/2022.3.44f1/Editor/Data/MonoBleedingEdge/lib/mono/unityjit-win32'
Mono config path = 'C:/Program Files/Unity/Hub/Editor/2022.3.44f1/Editor/Data/MonoBleedingEdge/etc'
Using monoOptions --debugger-agent=transport=dt_socket,embedding=1,server=y,suspend=n,address=127.0.0.1:56804
Begin MonoManager ReloadAssembly
Registering precompiled unity dll's ...
Register platform support module: C:/Program Files/Unity/Hub/Editor/2022.3.44f1/Editor/Data/PlaybackEngines/WebGLSupport/UnityEditor.WebGL.Extensions.dll
Register platform support module: C:/Program Files/Unity/Hub/Editor/2022.3.44f1/Editor/Data/PlaybackEngines/AndroidPlayer/UnityEditor.Android.Extensions.dll
Register platform support module: C:/Program Files/Unity/Hub/Editor/2022.3.44f1/Editor/Data/PlaybackEngines/WindowsStandaloneSupport/UnityEditor.WindowsStandalone.Extensions.dll
Registered in 0.018386 seconds.
- Loaded All Assemblies, in  0.776 seconds
Native extension for WindowsStandalone target not found
Native extension for Android target not found
Android Extension - Scanning For ADB Devices 472 ms
Native extension for WebGL target not found
Mono: successfully reloaded assembly
- Finished resetting the current domain, in  1.061 seconds
Domain Reload Profiling: 1835ms
	BeginReloadAssembly (231ms)
		ExecutionOrderSort (0ms)
		DisableScriptedObjects (0ms)
		BackupInstance (0ms)
		ReleaseScriptingObjects (0ms)
		CreateAndSetChildDomain (1ms)
	RebuildCommonClasses (70ms)
	RebuildNativeTypeToScriptingClass (23ms)
	initialDomainReloadingComplete (122ms)
	LoadAllAssembliesAndSetupDomain (328ms)
		LoadAssemblies (231ms)
		RebuildTransferFunctionScriptingTraits (0ms)
		AnalyzeDomain (322ms)
			TypeCache.Refresh (320ms)
				TypeCache.ScanAssembly (295ms)
			ScanForSourceGeneratedMonoScriptInfo (1ms)
			ResolveRequiredComponents (1ms)
	FinalizeReload (1062ms)
		ReleaseScriptCaches (0ms)
		RebuildScriptCaches (0ms)
		SetupLoadedEditorAssemblies (971ms)
			LogAssemblyErrors (0ms)
			InitializePlatformSupportModulesInManaged (625ms)
			SetLoadedEditorAssemblies (9ms)
			RefreshPlugins (0ms)
			BeforeProcessingInitializeOnLoad (6ms)
			ProcessInitializeOnLoadAttributes (237ms)
			ProcessInitializeOnLoadMethodAttributes (94ms)
			AfterProcessingInitializeOnLoad (0ms)
			EditorAssembliesLoaded (0ms)
		ExecutionOrderSort2 (0ms)
		AwakeInstancesAfterBackupRestoration (0ms)
========================================================================
Worker process is ready to serve import requests
Caller must complete domain reload
Begin MonoManager ReloadAssembly
- Loaded All Assemblies, in  1.380 seconds
Native extension for WindowsStandalone target not found
Native extension for Android target not found
Native extension for WebGL target not found
Package Manager log level set to [2]
[Package Manager] Server::EnsureServerProcessIsRunning -- launch failed, reason: Unity was launched with the -noUpm command-line argument
[Package Manager] UpmClient::Send -- Unable to send message (not connected to UPM process).
[Package Manager] Cannot connect to Unity Package Manager local server
Mono: successfully reloaded assembly
- Finished resetting the current domain, in  1.525 seconds
Domain Reload Profiling: 2904ms
	BeginReloadAssembly (289ms)
		ExecutionOrderSort (0ms)
		DisableScriptedObjects (13ms)
		BackupInstance (0ms)
		ReleaseScriptingObjects (0ms)
		CreateAndSetChildDomain (36ms)
	RebuildCommonClasses (72ms)
	RebuildNativeTypeToScriptingClass (20ms)
	initialDomainReloadingComplete (82ms)
	LoadAllAssembliesAndSetupDomain (915ms)
		LoadAssemblies (670ms)
		RebuildTransferFunctionScriptingTraits (0ms)
		AnalyzeDomain (408ms)
			TypeCache.Refresh (348ms)
				TypeCache.ScanAssembly (310ms)
			ScanForSourceGeneratedMonoScriptInfo (48ms)
			ResolveRequiredComponents (10ms)
	FinalizeReload (1526ms)
		ReleaseScriptCaches (0ms)
		RebuildScriptCaches (0ms)
		SetupLoadedEditorAssemblies (1166ms)
			LogAssemblyErrors (0ms)
			InitializePlatformSupportModulesInManaged (44ms)
			SetLoadedEditorAssemblies (8ms)
			RefreshPlugins (0ms)
			BeforeProcessingInitializeOnLoad (142ms)
			ProcessInitializeOnLoadAttributes (860ms)
			ProcessInitializeOnLoadMethodAttributes (97ms)
			AfterProcessingInitializeOnLoad (14ms)
			EditorAssembliesLoaded (0ms)
		ExecutionOrderSort2 (0ms)
		AwakeInstancesAfterBackupRestoration (21ms)
Launched and connected shader compiler UnityShaderCompiler.exe after 0.08 seconds
Refreshing native plugins compatible for Editor in 6.77 ms, found 4 plugins.
Preloading 0 native plugins for Editor in 0.00 ms.
Unloading 4027 Unused Serialized files (Serialized files now loaded: 0)
Unloading 38 unused Assets / (241.4 KB). Loaded Objects now: 4492.
Memory consumption went from 141.1 MB to 140.8 MB.
Total: 7.910200 ms (FindLiveObjects: 0.664000 ms CreateObjectMapping: 0.404000 ms MarkObjects: 6.508600 ms  DeleteObjects: 0.330400 ms)

AssetImportParameters requested are different than current active one (requested -> active):
  custom:container-demuxer-ogg: 62fdf1f143b41e24485cea50d1cbac27 -> 
  custom:video-decoder-ogg-theora: a1e56fd34408186e4bbccfd4996cb3dc -> 
  custom:framework-win-MediaFoundation: 216162199b28c13a410421893ffa2e32 -> 
  custom:CustomObjectIndexerAttribute: 9a22284fe3817be447336de3de66b15e -> 
  custom:container-demuxer-webm: 4f35f7cbe854078d1ac9338744f61a02 -> 
  custom:container-muxer-webm: aa71ff27fc2769a1b78a27578f13a17b -> 
  custom:video-decoder-webm-vp8: 9c59270c3fd7afecdb556c50c9e8de78 -> 
  custom:SearchIndexIgnoredProperties: e643bd26f0fe6173181afceb89e7c659 -> 
  custom:AudioImporter_EditorPlatform: d09bf68614088b80899f8185d706f6e7 -> 
  custom:video-encoder-webm-vp8: eb34c28f22e8b96e1ab97ce403110664 -> 
  custom:audio-decoder-ogg-vorbis: bf7c407c2cedff20999df2af8eb42d56 -> 
  custom:audio-encoder-webm-vorbis: bf7c407c2cedff20999df2af8eb42d56 -> 
========================================================================
Received Import Request.
  Time since last request: 8027.179228 seconds.
  path: Assets/BG_1.png
  artifactKey: Guid(a6920d1e46dbd484eadb96e402b6b20f) Importer(815301076,1909f56bfc062723c751e8b465ee728b)
Start importing Assets/BG_1.png using Guid(a6920d1e46dbd484eadb96e402b6b20f) Importer(815301076,1909f56bfc062723c751e8b465ee728b) [PhysX] Initialized MultithreadedTaskDispatcher with 16 workers.
[PhysX] Initialized MultithreadedTaskDispatcher with 16 workers.
 -> (artifact id: '3de11f61f8f1f3d8cdcd0c9622939ce6') in 0.151306 seconds
Number of updated asset objects reloaded before import = 0
Number of asset objects unloaded after import = 3
========================================================================
Received Import Request.
  Time since last request: 1325.945153 seconds.
  path: Assets/BG_3.png
  artifactKey: Guid(982e3a11c2d592045920286fdfcadf75) Importer(815301076,1909f56bfc062723c751e8b465ee728b)
Start importing Assets/BG_3.png using Guid(982e3a11c2d592045920286fdfcadf75) Importer(815301076,1909f56bfc062723c751e8b465ee728b) [PhysX] Initialized MultithreadedTaskDispatcher with 16 workers.
[PhysX] Initialized MultithreadedTaskDispatcher with 16 workers.
 -> (artifact id: '06f7296b6caa5962be7ac74a8ba7eef9') in 0.028129 seconds
Number of updated asset objects reloaded before import = 0
Number of asset objects unloaded after import = 3
========================================================================
Received Import Request.
  Time since last request: 5012.971264 seconds.
  path: Assets/Tiles/Terrain.prefab
  artifactKey: Guid(1b2bfcf463bd6754f8ad93614b485ca4) Importer(815301076,1909f56bfc062723c751e8b465ee728b)
Start importing Assets/Tiles/Terrain.prefab using Guid(1b2bfcf463bd6754f8ad93614b485ca4) Importer(815301076,1909f56bfc062723c751e8b465ee728b) [PhysX] Initialized MultithreadedTaskDispatcher with 16 workers.
[PhysX] Initialized MultithreadedTaskDispatcher with 16 workers.
 -> (artifact id: 'ab6f22468f1f53a76cb6c1ffcedb51e1') in 0.450069 seconds
Number of updated asset objects reloaded before import = 0
Number of asset objects unloaded after import = 761
========================================================================
Received Import Request.
  Time since last request: 89.402148 seconds.
  path: Assets/FantasySwampTiles_Sliced/Terrain_and_Props_155.asset
  artifactKey: Guid(7b854f75597e36b4b84b2a04a91e63b3) Importer(815301076,1909f56bfc062723c751e8b465ee728b)
Start importing Assets/FantasySwampTiles_Sliced/Terrain_and_Props_155.asset using Guid(7b854f75597e36b4b84b2a04a91e63b3) Importer(815301076,1909f56bfc062723c751e8b465ee728b) [PhysX] Initialized MultithreadedTaskDispatcher with 16 workers.
 -> (artifact id: '78ef268c70f79d2dd53c500cb235510b') in 0.125990 seconds
Number of updated asset objects reloaded before import = 0
Number of asset objects unloaded after import = 3
========================================================================
Received Import Request.
  Time since last request: 0.000070 seconds.
  path: Assets/FantasySwampTiles_Sliced/Terrain_and_Props_163.asset
  artifactKey: Guid(1edd4f21c93487b44acea765194cf619) Importer(815301076,1909f56bfc062723c751e8b465ee728b)
Start importing Assets/FantasySwampTiles_Sliced/Terrain_and_Props_163.asset using Guid(1edd4f21c93487b44acea765194cf619) Importer(815301076,1909f56bfc062723c751e8b465ee728b) [PhysX] Initialized MultithreadedTaskDispatcher with 16 workers.
 -> (artifact id: '4fcc31956f19d0a2558a691b677fb3c1') in 0.035237 seconds
Number of updated asset objects reloaded before import = 0
Number of asset objects unloaded after import = 3
========================================================================
Received Import Request.
  Time since last request: 0.000079 seconds.
  path: Assets/FantasySwampTiles_Sliced/Terrain_and_Props_164.asset
  artifactKey: Guid(451c1df778e5ab145aaf2872dffe98ba) Importer(815301076,1909f56bfc062723c751e8b465ee728b)
Start importing Assets/FantasySwampTiles_Sliced/Terrain_and_Props_164.asset using Guid(451c1df778e5ab145aaf2872dffe98ba) Importer(815301076,1909f56bfc062723c751e8b465ee728b) [PhysX] Initialized MultithreadedTaskDispatcher with 16 workers.
 -> (artifact id: '9bd160be5275910148d878928fbd7a3a') in 0.059869 seconds
Number of updated asset objects reloaded before import = 0
Number of asset objects unloaded after import = 3
========================================================================
Received Import Request.
  Time since last request: 0.000076 seconds.
  path: Assets/FantasySwampTiles_Sliced/Terrain_and_Props_158.asset
  artifactKey: Guid(18d8db89171af2448b6274512c18447a) Importer(815301076,1909f56bfc062723c751e8b465ee728b)
Start importing Assets/FantasySwampTiles_Sliced/Terrain_and_Props_158.asset using Guid(18d8db89171af2448b6274512c18447a) Importer(815301076,1909f56bfc062723c751e8b465ee728b) [PhysX] Initialized MultithreadedTaskDispatcher with 16 workers.
 -> (artifact id: 'a11385831e70b790ac25a21f99c3a604') in 0.055794 seconds
Number of updated asset objects reloaded before import = 0
Number of asset objects unloaded after import = 3
========================================================================
Received Import Request.
  Time since last request: 0.000068 seconds.
  path: Assets/FantasySwampTiles_Sliced/Terrain_and_Props_174.asset
  artifactKey: Guid(2b422857045a6184b847796dca53309d) Importer(815301076,1909f56bfc062723c751e8b465ee728b)
Start importing Assets/FantasySwampTiles_Sliced/Terrain_and_Props_174.asset using Guid(2b422857045a6184b847796dca53309d) Importer(815301076,1909f56bfc062723c751e8b465ee728b) [PhysX] Initialized MultithreadedTaskDispatcher with 16 workers.
 -> (artifact id: '90e549ac3284bdad6693029a39aac85d') in 0.040140 seconds
Number of updated asset objects reloaded before import = 0
Number of asset objects unloaded after import = 3
========================================================================
Received Import Request.
  Time since last request: 0.000064 seconds.
  path: Assets/FantasySwampTiles_Sliced/Terrain_and_Props_165.asset
  artifactKey: Guid(ba0ad62af07efdf4f831a95c9644ad5f) Importer(815301076,1909f56bfc062723c751e8b465ee728b)
Start importing Assets/FantasySwampTiles_Sliced/Terrain_and_Props_165.asset using Guid(ba0ad62af07efdf4f831a95c9644ad5f) Importer(815301076,1909f56bfc062723c751e8b465ee728b) [PhysX] Initialized MultithreadedTaskDispatcher with 16 workers.
 -> (artifact id: 'b9f74eccf966732339f41ef2a1c01198') in 0.060060 seconds
Number of updated asset objects reloaded before import = 0
Number of asset objects unloaded after import = 3
========================================================================
Received Import Request.
  Time since last request: 0.000087 seconds.
  path: Assets/FantasySwampTiles_Sliced/Terrain_and_Props_159.asset
  artifactKey: Guid(dd6a4ff7956b96f4b8b450dd48759239) Importer(815301076,1909f56bfc062723c751e8b465ee728b)
Start importing Assets/FantasySwampTiles_Sliced/Terrain_and_Props_159.asset using Guid(dd6a4ff7956b96f4b8b450dd48759239) Importer(815301076,1909f56bfc062723c751e8b465ee728b) [PhysX] Initialized MultithreadedTaskDispatcher with 16 workers.
 -> (artifact id: '6986d2f91bec85c6dfa02a5e756ac24d') in 0.046577 seconds
Number of updated asset objects reloaded before import = 0
Number of asset objects unloaded after import = 3
========================================================================
Received Import Request.
  Time since last request: 0.000076 seconds.
  path: Assets/FantasySwampTiles_Sliced/Terrain_and_Props_197.asset
  artifactKey: Guid(025c78d12d257e34d99c40567ad809d7) Importer(815301076,1909f56bfc062723c751e8b465ee728b)
Start importing Assets/FantasySwampTiles_Sliced/Terrain_and_Props_197.asset using Guid(025c78d12d257e34d99c40567ad809d7) Importer(815301076,1909f56bfc062723c751e8b465ee728b) [PhysX] Initialized MultithreadedTaskDispatcher with 16 workers.
 -> (artifact id: 'a7bfbcfd76dcefae4edae114dcbcdeaf') in 0.050174 seconds
Number of updated asset objects reloaded before import = 0
Number of asset objects unloaded after import = 3
========================================================================
Received Import Request.
  Time since last request: 0.000117 seconds.
  path: Assets/FantasySwampTiles_Sliced/Terrain_and_Props_188.asset
  artifactKey: Guid(cf32fb9ec7c22ee42b0c671f0ea67a0d) Importer(815301076,1909f56bfc062723c751e8b465ee728b)
Start importing Assets/FantasySwampTiles_Sliced/Terrain_and_Props_188.asset using Guid(cf32fb9ec7c22ee42b0c671f0ea67a0d) Importer(815301076,1909f56bfc062723c751e8b465ee728b) [PhysX] Initialized MultithreadedTaskDispatcher with 16 workers.
 -> (artifact id: '02973cbb2fa41cf37eb67e61da92fcca') in 0.046788 seconds
Number of updated asset objects reloaded before import = 0
Number of asset objects unloaded after import = 3
========================================================================
Received Import Request.
  Time since last request: 0.000049 seconds.
  path: Assets/FantasySwampTiles_Sliced/Terrain_and_Props_187.asset
  artifactKey: Guid(5d2774222146a5d49b716f8fc8ed046d) Importer(815301076,1909f56bfc062723c751e8b465ee728b)
Start importing Assets/FantasySwampTiles_Sliced/Terrain_and_Props_187.asset using Guid(5d2774222146a5d49b716f8fc8ed046d) Importer(815301076,1909f56bfc062723c751e8b465ee728b) [PhysX] Initialized MultithreadedTaskDispatcher with 16 workers.
 -> (artifact id: '188d2b0ea2a3c9d1398a6b810a911fe3') in 0.054535 seconds
Number of updated asset objects reloaded before import = 0
Number of asset objects unloaded after import = 3
========================================================================
Received Import Request.
  Time since last request: 0.000054 seconds.
  path: Assets/FantasySwampTiles_Sliced/Terrain_and_Props_181.asset
  artifactKey: Guid(4079ae6ce9955274b837ae5dc90f986d) Importer(815301076,1909f56bfc062723c751e8b465ee728b)
Start importing Assets/FantasySwampTiles_Sliced/Terrain_and_Props_181.asset using Guid(4079ae6ce9955274b837ae5dc90f986d) Importer(815301076,1909f56bfc062723c751e8b465ee728b) [PhysX] Initialized MultithreadedTaskDispatcher with 16 workers.
 -> (artifact id: 'e6975976e10eff781c48e0a863cf2788') in 0.049354 seconds
Number of updated asset objects reloaded before import = 0
Number of asset objects unloaded after import = 3
========================================================================
Received Import Request.
  Time since last request: 0.000063 seconds.
  path: Assets/FantasySwampTiles_Sliced/Terrain_and_Props_186.asset
  artifactKey: Guid(203550850d15baa47a1cabfbcfe310f0) Importer(815301076,1909f56bfc062723c751e8b465ee728b)
Start importing Assets/FantasySwampTiles_Sliced/Terrain_and_Props_186.asset using Guid(203550850d15baa47a1cabfbcfe310f0) Importer(815301076,1909f56bfc062723c751e8b465ee728b) [PhysX] Initialized MultithreadedTaskDispatcher with 16 workers.
 -> (artifact id: 'd9ec5b314fcd36e32ba523a666b5d4ac') in 0.041677 seconds
Number of updated asset objects reloaded before import = 0
Number of asset objects unloaded after import = 3
========================================================================
Received Import Request.
  Time since last request: 0.000080 seconds.
  path: Assets/FantasySwampTiles_Sliced/Terrain_and_Props_180.asset
  artifactKey: Guid(d247ee79c39d27045ae7a20fcae295f5) Importer(815301076,1909f56bfc062723c751e8b465ee728b)
Start importing Assets/FantasySwampTiles_Sliced/Terrain_and_Props_180.asset using Guid(d247ee79c39d27045ae7a20fcae295f5) Importer(815301076,1909f56bfc062723c751e8b465ee728b) [PhysX] Initialized MultithreadedTaskDispatcher with 16 workers.
 -> (artifact id: 'f070a3de51187a6fc197e7ca52028dd7') in 0.046025 seconds
Number of updated asset objects reloaded before import = 0
Number of asset objects unloaded after import = 3
========================================================================
Received Import Request.
  Time since last request: 0.000073 seconds.
  path: Assets/FantasySwampTiles_Sliced/Terrain_and_Props_183.asset
  artifactKey: Guid(7c99ca2943ab45041a76294d33bbdfeb) Importer(815301076,1909f56bfc062723c751e8b465ee728b)
Start importing Assets/FantasySwampTiles_Sliced/Terrain_and_Props_183.asset using Guid(7c99ca2943ab45041a76294d33bbdfeb) Importer(815301076,1909f56bfc062723c751e8b465ee728b) [PhysX] Initialized MultithreadedTaskDispatcher with 16 workers.
 -> (artifact id: '97f489bb3d2e2a16dee3f2e8573c16d5') in 0.048089 seconds
Number of updated asset objects reloaded before import = 0
Number of asset objects unloaded after import = 3
========================================================================
Received Import Request.
  Time since last request: 0.000099 seconds.
  path: Assets/FantasySwampTiles_Sliced/Terrain_and_Props_195.asset
  artifactKey: Guid(8b574278856f42c4695770ccec1d0b53) Importer(815301076,1909f56bfc062723c751e8b465ee728b)
Start importing Assets/FantasySwampTiles_Sliced/Terrain_and_Props_195.asset using Guid(8b574278856f42c4695770ccec1d0b53) Importer(815301076,1909f56bfc062723c751e8b465ee728b) [PhysX] Initialized MultithreadedTaskDispatcher with 16 workers.
 -> (artifact id: '16807491cacd2e9258a02bfee6a8344a') in 0.089027 seconds
Number of updated asset objects reloaded before import = 0
Number of asset objects unloaded after import = 3
========================================================================
Received Import Request.
  Time since last request: 0.000074 seconds.
  path: Assets/FantasySwampTiles_Sliced/Terrain_and_Props_196.asset
  artifactKey: Guid(1db558255a88e724b840b45936ab1f4c) Importer(815301076,1909f56bfc062723c751e8b465ee728b)
Start importing Assets/FantasySwampTiles_Sliced/Terrain_and_Props_196.asset using Guid(1db558255a88e724b840b45936ab1f4c) Importer(815301076,1909f56bfc062723c751e8b465ee728b) [PhysX] Initialized MultithreadedTaskDispatcher with 16 workers.
 -> (artifact id: '43e25fdc92578c8ba49a617097a87fe3') in 0.056269 seconds
Number of updated asset objects reloaded before import = 0
Number of asset objects unloaded after import = 3
========================================================================
Received Import Request.
  Time since last request: 0.000089 seconds.
  path: Assets/FantasySwampTiles_Sliced/Terrain_and_Props_182.asset
  artifactKey: Guid(d6a4fe4b5009b7c4f94ef56f216ab7a3) Importer(815301076,1909f56bfc062723c751e8b465ee728b)
Start importing Assets/FantasySwampTiles_Sliced/Terrain_and_Props_182.asset using Guid(d6a4fe4b5009b7c4f94ef56f216ab7a3) Importer(815301076,1909f56bfc062723c751e8b465ee728b) [PhysX] Initialized MultithreadedTaskDispatcher with 16 workers.
 -> (artifact id: 'ebe4ceb48fae12d7b4d862059bbb6319') in 0.062722 seconds
Number of updated asset objects reloaded before import = 0
Number of asset objects unloaded after import = 3
========================================================================
Received Import Request.
  Time since last request: 0.000089 seconds.
  path: Assets/FantasySwampTiles_Sliced/Terrain_and_Props_189.asset
  artifactKey: Guid(98890dc845a5d134b9b17686a4fdbd44) Importer(815301076,1909f56bfc062723c751e8b465ee728b)
Start importing Assets/FantasySwampTiles_Sliced/Terrain_and_Props_189.asset using Guid(98890dc845a5d134b9b17686a4fdbd44) Importer(815301076,1909f56bfc062723c751e8b465ee728b) [PhysX] Initialized MultithreadedTaskDispatcher with 16 workers.
 -> (artifact id: '1fa754dd58a4e9c2776af92349fe4238') in 0.058542 seconds
Number of updated asset objects reloaded before import = 0
Number of asset objects unloaded after import = 3
========================================================================
Received Import Request.
  Time since last request: 0.000110 seconds.
  path: Assets/FantasySwampTiles_Sliced/Terrain_and_Props_192.asset
  artifactKey: Guid(d0b72d01b3e2dd543b80954fc6114394) Importer(815301076,1909f56bfc062723c751e8b465ee728b)
Start importing Assets/FantasySwampTiles_Sliced/Terrain_and_Props_192.asset using Guid(d0b72d01b3e2dd543b80954fc6114394) Importer(815301076,1909f56bfc062723c751e8b465ee728b) [PhysX] Initialized MultithreadedTaskDispatcher with 16 workers.
 -> (artifact id: '83350181beaae80b4d22d3040525bc96') in 0.062557 seconds
Number of updated asset objects reloaded before import = 0
Number of asset objects unloaded after import = 3
========================================================================
Received Import Request.
  Time since last request: 0.000087 seconds.
  path: Assets/FantasySwampTiles_Sliced/Terrain_and_Props_190.asset
  artifactKey: Guid(e0ecf82b93a1c994d9f1a9aa0a4ad7f2) Importer(815301076,1909f56bfc062723c751e8b465ee728b)
Start importing Assets/FantasySwampTiles_Sliced/Terrain_and_Props_190.asset using Guid(e0ecf82b93a1c994d9f1a9aa0a4ad7f2) Importer(815301076,1909f56bfc062723c751e8b465ee728b) [PhysX] Initialized MultithreadedTaskDispatcher with 16 workers.
 -> (artifact id: '4bbd6d5f4e6e41c1a893d4e40637983a') in 0.049314 seconds
Number of updated asset objects reloaded before import = 0
Number of asset objects unloaded after import = 3
========================================================================
Received Import Request.
  Time since last request: 0.000083 seconds.
  path: Assets/FantasySwampTiles_Sliced/Terrain_and_Props_161.asset
  artifactKey: Guid(f7a5693c8dc0a4e47b55b8631fdfc55f) Importer(815301076,1909f56bfc062723c751e8b465ee728b)
Start importing Assets/FantasySwampTiles_Sliced/Terrain_and_Props_161.asset using Guid(f7a5693c8dc0a4e47b55b8631fdfc55f) Importer(815301076,1909f56bfc062723c751e8b465ee728b) [PhysX] Initialized MultithreadedTaskDispatcher with 16 workers.
 -> (artifact id: 'cd306f51778f92d539faaa318994a758') in 0.073091 seconds
Number of updated asset objects reloaded before import = 0
Number of asset objects unloaded after import = 3
========================================================================
Received Import Request.
  Time since last request: 0.000080 seconds.
  path: Assets/FantasySwampTiles_Sliced/Terrain_and_Props_168.asset
  artifactKey: Guid(dcb3bb9f2e8f3ab4b8d5af9e3d05f096) Importer(815301076,1909f56bfc062723c751e8b465ee728b)
Start importing Assets/FantasySwampTiles_Sliced/Terrain_and_Props_168.asset using Guid(dcb3bb9f2e8f3ab4b8d5af9e3d05f096) Importer(815301076,1909f56bfc062723c751e8b465ee728b) [PhysX] Initialized MultithreadedTaskDispatcher with 16 workers.
 -> (artifact id: '14b35a49622070a79cec82950d7cce09') in 0.056208 seconds
Number of updated asset objects reloaded before import = 0
Number of asset objects unloaded after import = 3
========================================================================
Received Import Request.
  Time since last request: 0.000087 seconds.
  path: Assets/FantasySwampTiles_Sliced/Terrain_and_Props_176.asset
  artifactKey: Guid(dd23259f26a681f42a41d702480d0296) Importer(815301076,1909f56bfc062723c751e8b465ee728b)
Start importing Assets/FantasySwampTiles_Sliced/Terrain_and_Props_176.asset using Guid(dd23259f26a681f42a41d702480d0296) Importer(815301076,1909f56bfc062723c751e8b465ee728b) [PhysX] Initialized MultithreadedTaskDispatcher with 16 workers.
 -> (artifact id: '78076ef3153f24b09000b830b9bd23fe') in 0.051322 seconds
Number of updated asset objects reloaded before import = 0
Number of asset objects unloaded after import = 3
========================================================================
Received Import Request.
  Time since last request: 0.000139 seconds.
  path: Assets/FantasySwampTiles_Sliced/Terrain_and_Props_194.asset
  artifactKey: Guid(32f0d7087a9f5694f8396b3366a086ff) Importer(815301076,1909f56bfc062723c751e8b465ee728b)
Start importing Assets/FantasySwampTiles_Sliced/Terrain_and_Props_194.asset using Guid(32f0d7087a9f5694f8396b3366a086ff) Importer(815301076,1909f56bfc062723c751e8b465ee728b) [PhysX] Initialized MultithreadedTaskDispatcher with 16 workers.
 -> (artifact id: 'cbe07a72ed0a5185e98ea8a53cd1b5c3') in 0.070530 seconds
Number of updated asset objects reloaded before import = 0
Number of asset objects unloaded after import = 3
========================================================================
Received Import Request.
  Time since last request: 0.000082 seconds.
  path: Assets/FantasySwampTiles_Sliced/Terrain_and_Props_172.asset
  artifactKey: Guid(ae299ae722e6e4446854b20e2e939e91) Importer(815301076,1909f56bfc062723c751e8b465ee728b)
Start importing Assets/FantasySwampTiles_Sliced/Terrain_and_Props_172.asset using Guid(ae299ae722e6e4446854b20e2e939e91) Importer(815301076,1909f56bfc062723c751e8b465ee728b) [PhysX] Initialized MultithreadedTaskDispatcher with 16 workers.
 -> (artifact id: 'dc5b00dcec9a75f901b7e84ee7b7457a') in 0.079227 seconds
Number of updated asset objects reloaded before import = 0
Number of asset objects unloaded after import = 3
========================================================================
Received Import Request.
  Time since last request: 0.000091 seconds.
  path: Assets/FantasySwampTiles_Sliced/Terrain_and_Props_178.asset
  artifactKey: Guid(5f27983df758d59408f5ba579386dc7f) Importer(815301076,1909f56bfc062723c751e8b465ee728b)
Start importing Assets/FantasySwampTiles_Sliced/Terrain_and_Props_178.asset using Guid(5f27983df758d59408f5ba579386dc7f) Importer(815301076,1909f56bfc062723c751e8b465ee728b) [PhysX] Initialized MultithreadedTaskDispatcher with 16 workers.
 -> (artifact id: 'ac045fcda44823b5d37ef6c7cbefdf0f') in 0.063910 seconds
Number of updated asset objects reloaded before import = 0
Number of asset objects unloaded after import = 3
========================================================================
Received Import Request.
  Time since last request: 0.000065 seconds.
  path: Assets/FantasySwampTiles_Sliced/Terrain_and_Props_179.asset
  artifactKey: Guid(9834c626120dcf24f8822a75c05fa523) Importer(815301076,1909f56bfc062723c751e8b465ee728b)
Start importing Assets/FantasySwampTiles_Sliced/Terrain_and_Props_179.asset using Guid(9834c626120dcf24f8822a75c05fa523) Importer(815301076,1909f56bfc062723c751e8b465ee728b) [PhysX] Initialized MultithreadedTaskDispatcher with 16 workers.
 -> (artifact id: 'ed724b217fc7bc624fa4e96b53ea1906') in 0.054388 seconds
Number of updated asset objects reloaded before import = 0
Number of asset objects unloaded after import = 3
========================================================================
Received Import Request.
  Time since last request: 0.000117 seconds.
  path: Assets/FantasySwampTiles_Sliced/Terrain_and_Props_166.asset
  artifactKey: Guid(0c2fa56ec08116940b88ac3753fd4ca8) Importer(815301076,1909f56bfc062723c751e8b465ee728b)
Start importing Assets/FantasySwampTiles_Sliced/Terrain_and_Props_166.asset using Guid(0c2fa56ec08116940b88ac3753fd4ca8) Importer(815301076,1909f56bfc062723c751e8b465ee728b) [PhysX] Initialized MultithreadedTaskDispatcher with 16 workers.
 -> (artifact id: '0cb7a025a78ae33c47df889da7553ef7') in 0.022588 seconds
Number of updated asset objects reloaded before import = 0
Number of asset objects unloaded after import = 3
========================================================================
Received Import Request.
  Time since last request: 0.000090 seconds.
  path: Assets/FantasySwampTiles_Sliced/Terrain_and_Props_184.asset
  artifactKey: Guid(cfd5e2aa5de5fc645aba2c5a8cbb1013) Importer(815301076,1909f56bfc062723c751e8b465ee728b)
Start importing Assets/FantasySwampTiles_Sliced/Terrain_and_Props_184.asset using Guid(cfd5e2aa5de5fc645aba2c5a8cbb1013) Importer(815301076,1909f56bfc062723c751e8b465ee728b) [PhysX] Initialized MultithreadedTaskDispatcher with 16 workers.
 -> (artifact id: '6542605abd70a5bf74f7e09328b79d5c') in 0.079706 seconds
Number of updated asset objects reloaded before import = 0
Number of asset objects unloaded after import = 3
========================================================================
Received Import Request.
  Time since last request: 0.000106 seconds.
  path: Assets/FantasySwampTiles_Sliced/Terrain_and_Props_167.asset
  artifactKey: Guid(39c8d09198a6eca439130f2a7b470d64) Importer(815301076,1909f56bfc062723c751e8b465ee728b)
Start importing Assets/FantasySwampTiles_Sliced/Terrain_and_Props_167.asset using Guid(39c8d09198a6eca439130f2a7b470d64) Importer(815301076,1909f56bfc062723c751e8b465ee728b) [PhysX] Initialized MultithreadedTaskDispatcher with 16 workers.
 -> (artifact id: '3c5422e61880cac00e8f0636577972cc') in 0.068524 seconds
Number of updated asset objects reloaded before import = 0
Number of asset objects unloaded after import = 3
Editor requested this worker to shutdown with reason: Scaling down because of idle timeout
TcpMessagingSession - receive error: operation aborted. errorcode: 995, details: The I/O operation has been aborted because of either a thread exit or an application request.
AssetImportWorker is now disconnected from the server
Process exiting
Exiting without the bug reporter. Application will terminate with return code 0