Using pre-set license
Built from '2022.3/staging' branch; Version is '2022.3.44f1 (c3ae09b9f03c) revision 12824073'; Using compiler version '192829333'; Build Type 'Release'
OS: 'Windows 11  (10.0.22631) 64bit CoreSingleLanguage' Language: 'en' Physical Memory: 16008 MB
BatchMode: 1, IsHumanControllingUs: 0, StartBugReporterOnCrash: 0, Is64bit: 1, IsPro: 1

COMMAND LINE ARGUMENTS:
C:\Program Files\Unity\Hub\Editor\2022.3.44f1\Editor\Unity.exe
-adb2
-batchMode
-noUpm
-name
AssetImportWorker3
-projectPath
D:/Data/Unity2D/bladeoflumora
-logFile
Logs/AssetImportWorker3.log
-srvPort
49989
Successfully changed project path to: D:/Data/Unity2D/bladeoflumora
D:/Data/Unity2D/bladeoflumora
[UnityMemory] Configuration Parameters - Can be set up in boot.config
    "memorysetup-bucket-allocator-granularity=16"
    "memorysetup-bucket-allocator-bucket-count=8"
    "memorysetup-bucket-allocator-block-size=33554432"
    "memorysetup-bucket-allocator-block-count=8"
    "memorysetup-main-allocator-block-size=16777216"
    "memorysetup-thread-allocator-block-size=16777216"
    "memorysetup-gfx-main-allocator-block-size=16777216"
    "memorysetup-gfx-thread-allocator-block-size=16777216"
    "memorysetup-cache-allocator-block-size=4194304"
    "memorysetup-typetree-allocator-block-size=2097152"
    "memorysetup-profiler-bucket-allocator-granularity=16"
    "memorysetup-profiler-bucket-allocator-bucket-count=8"
    "memorysetup-profiler-bucket-allocator-block-size=33554432"
    "memorysetup-profiler-bucket-allocator-block-count=8"
    "memorysetup-profiler-allocator-block-size=16777216"
    "memorysetup-profiler-editor-allocator-block-size=1048576"
    "memorysetup-temp-allocator-size-main=16777216"
    "memorysetup-job-temp-allocator-block-size=2097152"
    "memorysetup-job-temp-allocator-block-size-background=1048576"
    "memorysetup-job-temp-allocator-reduction-small-platforms=262144"
    "memorysetup-allocator-temp-initial-block-size-main=262144"
    "memorysetup-allocator-temp-initial-block-size-worker=262144"
    "memorysetup-temp-allocator-size-background-worker=32768"
    "memorysetup-temp-allocator-size-job-worker=262144"
    "memorysetup-temp-allocator-size-preload-manager=33554432"
    "memorysetup-temp-allocator-size-nav-mesh-worker=65536"
    "memorysetup-temp-allocator-size-audio-worker=65536"
    "memorysetup-temp-allocator-size-cloud-worker=32768"
    "memorysetup-temp-allocator-size-gi-baking-worker=262144"
    "memorysetup-temp-allocator-size-gfx=262144"
Player connection [23236]  Target information:

Player connection [23236]  * "[IP] 192.168.56.1 [Port] 0 [Flags] 2 [Guid] 2989117602 [EditorId] 2989117602 [Version] 1048832 [Id] WindowsEditor(7,DESKTOP-2F77F3H) [Debug] 1 [PackageName] WindowsEditor [ProjectName] Editor" 

Player connection [23236]  * "[IP] 192.168.1.6 [Port] 0 [Flags] 2 [Guid] 2989117602 [EditorId] 2989117602 [Version] 1048832 [Id] WindowsEditor(7,DESKTOP-2F77F3H) [Debug] 1 [PackageName] WindowsEditor [ProjectName] Editor" 

Player connection [23236] Host joined multi-casting on [225.0.0.222:54997]...
Player connection [23236] Host joined alternative multi-casting on [225.0.0.222:34997]...
[PhysX] Initialized MultithreadedTaskDispatcher with 16 workers.
Refreshing native plugins compatible for Editor in 38.71 ms, found 4 plugins.
Preloading 0 native plugins for Editor in 0.00 ms.
Initialize engine version: 2022.3.44f1 (c3ae09b9f03c)
[Subsystems] Discovering subsystems at path C:/Program Files/Unity/Hub/Editor/2022.3.44f1/Editor/Data/Resources/UnitySubsystems
[Subsystems] Discovering subsystems at path D:/Data/Unity2D/bladeoflumora/Assets
GfxDevice: creating device client; threaded=0; jobified=0
Direct3D:
    Version:  Direct3D 11.0 [level 11.1]
    Renderer: Intel(R) Iris(R) Xe Graphics (ID=0x46a6)
    Vendor:   Intel
    VRAM:     8004 MB
    Driver:   31.0.101.4255
Initialize mono
Mono path[0] = 'C:/Program Files/Unity/Hub/Editor/2022.3.44f1/Editor/Data/Managed'
Mono path[1] = 'C:/Program Files/Unity/Hub/Editor/2022.3.44f1/Editor/Data/MonoBleedingEdge/lib/mono/unityjit-win32'
Mono config path = 'C:/Program Files/Unity/Hub/Editor/2022.3.44f1/Editor/Data/MonoBleedingEdge/etc'
Using monoOptions --debugger-agent=transport=dt_socket,embedding=1,server=y,suspend=n,address=127.0.0.1:56480
Begin MonoManager ReloadAssembly
Registering precompiled unity dll's ...
Register platform support module: C:/Program Files/Unity/Hub/Editor/2022.3.44f1/Editor/Data/PlaybackEngines/WebGLSupport/UnityEditor.WebGL.Extensions.dll
Register platform support module: C:/Program Files/Unity/Hub/Editor/2022.3.44f1/Editor/Data/PlaybackEngines/AndroidPlayer/UnityEditor.Android.Extensions.dll
Register platform support module: C:/Program Files/Unity/Hub/Editor/2022.3.44f1/Editor/Data/PlaybackEngines/WindowsStandaloneSupport/UnityEditor.WindowsStandalone.Extensions.dll
Registered in 0.036232 seconds.
- Loaded All Assemblies, in  1.675 seconds
Native extension for WindowsStandalone target not found
Native extension for Android target not found
Android Extension - Scanning For ADB Devices 1272 ms
Native extension for WebGL target not found
Mono: successfully reloaded assembly
- Finished resetting the current domain, in  2.698 seconds
Domain Reload Profiling: 4367ms
	BeginReloadAssembly (531ms)
		ExecutionOrderSort (0ms)
		DisableScriptedObjects (0ms)
		BackupInstance (0ms)
		ReleaseScriptingObjects (0ms)
		CreateAndSetChildDomain (2ms)
	RebuildCommonClasses (160ms)
	RebuildNativeTypeToScriptingClass (54ms)
	initialDomainReloadingComplete (284ms)
	LoadAllAssembliesAndSetupDomain (639ms)
		LoadAssemblies (533ms)
		RebuildTransferFunctionScriptingTraits (0ms)
		AnalyzeDomain (626ms)
			TypeCache.Refresh (621ms)
				TypeCache.ScanAssembly (575ms)
			ScanForSourceGeneratedMonoScriptInfo (1ms)
			ResolveRequiredComponents (2ms)
	FinalizeReload (2700ms)
		ReleaseScriptCaches (0ms)
		RebuildScriptCaches (0ms)
		SetupLoadedEditorAssemblies (2499ms)
			LogAssemblyErrors (0ms)
			InitializePlatformSupportModulesInManaged (1695ms)
			SetLoadedEditorAssemblies (30ms)
			RefreshPlugins (0ms)
			BeforeProcessingInitializeOnLoad (15ms)
			ProcessInitializeOnLoadAttributes (554ms)
			ProcessInitializeOnLoadMethodAttributes (205ms)
			AfterProcessingInitializeOnLoad (0ms)
			EditorAssembliesLoaded (0ms)
		ExecutionOrderSort2 (0ms)
		AwakeInstancesAfterBackupRestoration (0ms)
========================================================================
Worker process is ready to serve import requests
Caller must complete domain reload
Begin MonoManager ReloadAssembly
- Loaded All Assemblies, in  2.324 seconds
Native extension for WindowsStandalone target not found
Native extension for Android target not found
Native extension for WebGL target not found
Package Manager log level set to [2]
[Package Manager] Server::EnsureServerProcessIsRunning -- launch failed, reason: Unity was launched with the -noUpm command-line argument
[Package Manager] UpmClient::Send -- Unable to send message (not connected to UPM process).
[Package Manager] Cannot connect to Unity Package Manager local server
Mono: successfully reloaded assembly
- Finished resetting the current domain, in  3.001 seconds
Domain Reload Profiling: 5323ms
	BeginReloadAssembly (422ms)
		ExecutionOrderSort (0ms)
		DisableScriptedObjects (16ms)
		BackupInstance (0ms)
		ReleaseScriptingObjects (0ms)
		CreateAndSetChildDomain (57ms)
	RebuildCommonClasses (122ms)
	RebuildNativeTypeToScriptingClass (41ms)
	initialDomainReloadingComplete (151ms)
	LoadAllAssembliesAndSetupDomain (1584ms)
		LoadAssemblies (1049ms)
		RebuildTransferFunctionScriptingTraits (0ms)
		AnalyzeDomain (803ms)
			TypeCache.Refresh (672ms)
				TypeCache.ScanAssembly (610ms)
			ScanForSourceGeneratedMonoScriptInfo (101ms)
			ResolveRequiredComponents (27ms)
	FinalizeReload (3004ms)
		ReleaseScriptCaches (0ms)
		RebuildScriptCaches (0ms)
		SetupLoadedEditorAssemblies (2312ms)
			LogAssemblyErrors (0ms)
			InitializePlatformSupportModulesInManaged (86ms)
			SetLoadedEditorAssemblies (13ms)
			RefreshPlugins (0ms)
			BeforeProcessingInitializeOnLoad (272ms)
			ProcessInitializeOnLoadAttributes (1737ms)
			ProcessInitializeOnLoadMethodAttributes (180ms)
			AfterProcessingInitializeOnLoad (23ms)
			EditorAssembliesLoaded (1ms)
		ExecutionOrderSort2 (0ms)
		AwakeInstancesAfterBackupRestoration (35ms)
Launched and connected shader compiler UnityShaderCompiler.exe after 0.22 seconds
Refreshing native plugins compatible for Editor in 14.03 ms, found 4 plugins.
Preloading 0 native plugins for Editor in 0.00 ms.
Unloading 4027 Unused Serialized files (Serialized files now loaded: 0)
Unloading 38 unused Assets / (241.2 KB). Loaded Objects now: 4492.
Memory consumption went from 141.1 MB to 140.9 MB.
Total: 12.638400 ms (FindLiveObjects: 0.690300 ms CreateObjectMapping: 0.502700 ms MarkObjects: 10.938900 ms  DeleteObjects: 0.503500 ms)

AssetImportParameters requested are different than current active one (requested -> active):
  custom:container-demuxer-ogg: 62fdf1f143b41e24485cea50d1cbac27 -> 
  custom:video-decoder-ogg-theora: a1e56fd34408186e4bbccfd4996cb3dc -> 
  custom:framework-win-MediaFoundation: 216162199b28c13a410421893ffa2e32 -> 
  custom:CustomObjectIndexerAttribute: 9a22284fe3817be447336de3de66b15e -> 
  custom:container-demuxer-webm: 4f35f7cbe854078d1ac9338744f61a02 -> 
  custom:container-muxer-webm: aa71ff27fc2769a1b78a27578f13a17b -> 
  custom:video-decoder-webm-vp8: 9c59270c3fd7afecdb556c50c9e8de78 -> 
  custom:SearchIndexIgnoredProperties: e643bd26f0fe6173181afceb89e7c659 -> 
  custom:AudioImporter_EditorPlatform: d09bf68614088b80899f8185d706f6e7 -> 
  custom:video-encoder-webm-vp8: eb34c28f22e8b96e1ab97ce403110664 -> 
  custom:audio-decoder-ogg-vorbis: bf7c407c2cedff20999df2af8eb42d56 -> 
  custom:audio-encoder-webm-vorbis: bf7c407c2cedff20999df2af8eb42d56 -> 
========================================================================
Received Import Request.
  Time since last request: 18206.336951 seconds.
  path: Assets/FantasySwampTiles_Sliced/Terrain_and_Props_200.asset
  artifactKey: Guid(f859a9217b20af5428dd8c0013542624) Importer(815301076,1909f56bfc062723c751e8b465ee728b)
Start importing Assets/FantasySwampTiles_Sliced/Terrain_and_Props_200.asset using Guid(f859a9217b20af5428dd8c0013542624) Importer(815301076,1909f56bfc062723c751e8b465ee728b) [PhysX] Initialized MultithreadedTaskDispatcher with 16 workers.
 -> (artifact id: '63dd912b05722269ed5129d9093c2f42') in 0.185661 seconds
Number of updated asset objects reloaded before import = 0
Number of asset objects unloaded after import = 3
========================================================================
Received Import Request.
  Time since last request: 0.000047 seconds.
  path: Assets/FantasySwampTiles_Sliced/Terrain_and_Props_220.asset
  artifactKey: Guid(59cfdb2350f35de48bd7036db337df93) Importer(815301076,1909f56bfc062723c751e8b465ee728b)
Start importing Assets/FantasySwampTiles_Sliced/Terrain_and_Props_220.asset using Guid(59cfdb2350f35de48bd7036db337df93) Importer(815301076,1909f56bfc062723c751e8b465ee728b) [PhysX] Initialized MultithreadedTaskDispatcher with 16 workers.
 -> (artifact id: '2beddfc781a1e17619ca42786cedc5d5') in 0.021114 seconds
Number of updated asset objects reloaded before import = 0
Number of asset objects unloaded after import = 3
========================================================================
Received Import Request.
  Time since last request: 0.000044 seconds.
  path: Assets/FantasySwampTiles_Sliced/Terrain_and_Props_219.asset
  artifactKey: Guid(dfd3571c05f460b43acb9f7d9001a3c1) Importer(815301076,1909f56bfc062723c751e8b465ee728b)
Start importing Assets/FantasySwampTiles_Sliced/Terrain_and_Props_219.asset using Guid(dfd3571c05f460b43acb9f7d9001a3c1) Importer(815301076,1909f56bfc062723c751e8b465ee728b) [PhysX] Initialized MultithreadedTaskDispatcher with 16 workers.
 -> (artifact id: 'dd1f3dc0fe916d198e707fed3d2e2ae2') in 0.019718 seconds
Number of updated asset objects reloaded before import = 0
Number of asset objects unloaded after import = 3
========================================================================
Received Import Request.
  Time since last request: 0.000034 seconds.
  path: Assets/FantasySwampTiles_Sliced/Terrain_and_Props_203.asset
  artifactKey: Guid(afd6ac4aca1b2714db8701e30219ff8e) Importer(815301076,1909f56bfc062723c751e8b465ee728b)
Start importing Assets/FantasySwampTiles_Sliced/Terrain_and_Props_203.asset using Guid(afd6ac4aca1b2714db8701e30219ff8e) Importer(815301076,1909f56bfc062723c751e8b465ee728b) [PhysX] Initialized MultithreadedTaskDispatcher with 16 workers.
 -> (artifact id: 'd182406fbcbd8fb2ef3b85fe53cb6e5d') in 0.017689 seconds
Number of updated asset objects reloaded before import = 0
Number of asset objects unloaded after import = 3
========================================================================
Received Import Request.
  Time since last request: 0.000031 seconds.
  path: Assets/FantasySwampTiles_Sliced/Terrain_and_Props_215.asset
  artifactKey: Guid(36aa7689ab9b21c44b80a6f214e2916b) Importer(815301076,1909f56bfc062723c751e8b465ee728b)
Start importing Assets/FantasySwampTiles_Sliced/Terrain_and_Props_215.asset using Guid(36aa7689ab9b21c44b80a6f214e2916b) Importer(815301076,1909f56bfc062723c751e8b465ee728b) [PhysX] Initialized MultithreadedTaskDispatcher with 16 workers.
 -> (artifact id: 'f08e8df8729f13674b1ea7c8bea234e1') in 0.018355 seconds
Number of updated asset objects reloaded before import = 0
Number of asset objects unloaded after import = 3
========================================================================
Received Import Request.
  Time since last request: 0.000033 seconds.
  path: Assets/FantasySwampTiles_Sliced/Terrain_and_Props_217.asset
  artifactKey: Guid(a5f9d699381e504419b0cd17c3e86fdd) Importer(815301076,1909f56bfc062723c751e8b465ee728b)
Start importing Assets/FantasySwampTiles_Sliced/Terrain_and_Props_217.asset using Guid(a5f9d699381e504419b0cd17c3e86fdd) Importer(815301076,1909f56bfc062723c751e8b465ee728b) [PhysX] Initialized MultithreadedTaskDispatcher with 16 workers.
 -> (artifact id: '42db8a20cfd0c9ed5173cf7a092027ac') in 0.018680 seconds
Number of updated asset objects reloaded before import = 0
Number of asset objects unloaded after import = 3
========================================================================
Received Import Request.
  Time since last request: 0.000031 seconds.
  path: Assets/FantasySwampTiles_Sliced/Terrain_and_Props_201.asset
  artifactKey: Guid(67ffa24e586464c439dc1a51f84ce652) Importer(815301076,1909f56bfc062723c751e8b465ee728b)
Start importing Assets/FantasySwampTiles_Sliced/Terrain_and_Props_201.asset using Guid(67ffa24e586464c439dc1a51f84ce652) Importer(815301076,1909f56bfc062723c751e8b465ee728b) [PhysX] Initialized MultithreadedTaskDispatcher with 16 workers.
 -> (artifact id: 'f4e146705905ac47ef1ab19f7634902f') in 0.019343 seconds
Number of updated asset objects reloaded before import = 0
Number of asset objects unloaded after import = 3
========================================================================
Received Import Request.
  Time since last request: 0.000034 seconds.
  path: Assets/FantasySwampTiles_Sliced/Terrain_and_Props_205.asset
  artifactKey: Guid(4ac17c43df3d4c549a2cf2dbed21be12) Importer(815301076,1909f56bfc062723c751e8b465ee728b)
Start importing Assets/FantasySwampTiles_Sliced/Terrain_and_Props_205.asset using Guid(4ac17c43df3d4c549a2cf2dbed21be12) Importer(815301076,1909f56bfc062723c751e8b465ee728b) [PhysX] Initialized MultithreadedTaskDispatcher with 16 workers.
 -> (artifact id: '565a0368601299290cd43451e5446a44') in 0.022885 seconds
Number of updated asset objects reloaded before import = 0
Number of asset objects unloaded after import = 3
========================================================================
Received Import Request.
  Time since last request: 0.000031 seconds.
  path: Assets/FantasySwampTiles_Sliced/Terrain_and_Props_202.asset
  artifactKey: Guid(a7aab3e32498fb241992dc2be5a47a54) Importer(815301076,1909f56bfc062723c751e8b465ee728b)
Start importing Assets/FantasySwampTiles_Sliced/Terrain_and_Props_202.asset using Guid(a7aab3e32498fb241992dc2be5a47a54) Importer(815301076,1909f56bfc062723c751e8b465ee728b) [PhysX] Initialized MultithreadedTaskDispatcher with 16 workers.
 -> (artifact id: 'fa9502d44327c74c1f58a0f0fd1d062a') in 0.019122 seconds
Number of updated asset objects reloaded before import = 0
Number of asset objects unloaded after import = 3
========================================================================
Received Import Request.
  Time since last request: 0.000030 seconds.
  path: Assets/FantasySwampTiles_Sliced/Terrain_and_Props_213.asset
  artifactKey: Guid(6ad51fa2d110f764b93fd875914b9a3e) Importer(815301076,1909f56bfc062723c751e8b465ee728b)
Start importing Assets/FantasySwampTiles_Sliced/Terrain_and_Props_213.asset using Guid(6ad51fa2d110f764b93fd875914b9a3e) Importer(815301076,1909f56bfc062723c751e8b465ee728b) [PhysX] Initialized MultithreadedTaskDispatcher with 16 workers.
 -> (artifact id: '2d45e9a0157bafd60bd18c66f0f7c83b') in 0.019855 seconds
Number of updated asset objects reloaded before import = 0
Number of asset objects unloaded after import = 3
========================================================================
Received Import Request.
  Time since last request: 0.000029 seconds.
  path: Assets/FantasySwampTiles_Sliced/Terrain_and_Props_212.asset
  artifactKey: Guid(931780a61f6d86741845a466c97adcb4) Importer(815301076,1909f56bfc062723c751e8b465ee728b)
Start importing Assets/FantasySwampTiles_Sliced/Terrain_and_Props_212.asset using Guid(931780a61f6d86741845a466c97adcb4) Importer(815301076,1909f56bfc062723c751e8b465ee728b) [PhysX] Initialized MultithreadedTaskDispatcher with 16 workers.
 -> (artifact id: 'abbbb1322f686b4753b7eed5bf40f481') in 0.020112 seconds
Number of updated asset objects reloaded before import = 0
Number of asset objects unloaded after import = 3
========================================================================
Received Import Request.
  Time since last request: 0.000033 seconds.
  path: Assets/FantasySwampTiles_Sliced/Terrain_and_Props_208.asset
  artifactKey: Guid(0e3f2a326bdc8dd4ca9e9e6f189d8e4d) Importer(815301076,1909f56bfc062723c751e8b465ee728b)
Start importing Assets/FantasySwampTiles_Sliced/Terrain_and_Props_208.asset using Guid(0e3f2a326bdc8dd4ca9e9e6f189d8e4d) Importer(815301076,1909f56bfc062723c751e8b465ee728b) [PhysX] Initialized MultithreadedTaskDispatcher with 16 workers.
 -> (artifact id: '89179ad64cebffc4e750ac98051c892b') in 0.019966 seconds
Number of updated asset objects reloaded before import = 0
Number of asset objects unloaded after import = 3
========================================================================
Received Import Request.
  Time since last request: 1.479275 seconds.
  path: Assets/FantasySwampTiles_Sliced/Terrain_and_Props_222.asset
  artifactKey: Guid(6ffb9c480107de04fbed1317c41bf983) Importer(815301076,1909f56bfc062723c751e8b465ee728b)
Start importing Assets/FantasySwampTiles_Sliced/Terrain_and_Props_222.asset using Guid(6ffb9c480107de04fbed1317c41bf983) Importer(815301076,1909f56bfc062723c751e8b465ee728b) [PhysX] Initialized MultithreadedTaskDispatcher with 16 workers.
 -> (artifact id: '635aebd6580ca7b7ab4d2b82e3b6163f') in 0.024176 seconds
Number of updated asset objects reloaded before import = 0
Number of asset objects unloaded after import = 3
========================================================================
Received Import Request.
  Time since last request: 0.000030 seconds.
  path: Assets/FantasySwampTiles_Sliced/Terrain_and_Props_229.asset
  artifactKey: Guid(5b51d241f4d147d47b343b76b93a6d8b) Importer(815301076,1909f56bfc062723c751e8b465ee728b)
Start importing Assets/FantasySwampTiles_Sliced/Terrain_and_Props_229.asset using Guid(5b51d241f4d147d47b343b76b93a6d8b) Importer(815301076,1909f56bfc062723c751e8b465ee728b) [PhysX] Initialized MultithreadedTaskDispatcher with 16 workers.
 -> (artifact id: '2a886e02cfac3908ab663418b7449153') in 0.019962 seconds
Number of updated asset objects reloaded before import = 0
Number of asset objects unloaded after import = 3
========================================================================
Received Import Request.
  Time since last request: 0.000028 seconds.
  path: Assets/FantasySwampTiles_Sliced/Terrain_and_Props_242.asset
  artifactKey: Guid(42a4ecb5c194b5740bebaf9441878a72) Importer(815301076,1909f56bfc062723c751e8b465ee728b)
Start importing Assets/FantasySwampTiles_Sliced/Terrain_and_Props_242.asset using Guid(42a4ecb5c194b5740bebaf9441878a72) Importer(815301076,1909f56bfc062723c751e8b465ee728b) [PhysX] Initialized MultithreadedTaskDispatcher with 16 workers.
 -> (artifact id: 'e6039225d9e7f7034ac6ba7201f3691c') in 0.019110 seconds
Number of updated asset objects reloaded before import = 0
Number of asset objects unloaded after import = 3
========================================================================
Received Import Request.
  Time since last request: 0.000055 seconds.
  path: Assets/FantasySwampTiles_Sliced/Terrain_and_Props_247.asset
  artifactKey: Guid(b5da282c84338c94686ea4a454796648) Importer(815301076,1909f56bfc062723c751e8b465ee728b)
Start importing Assets/FantasySwampTiles_Sliced/Terrain_and_Props_247.asset using Guid(b5da282c84338c94686ea4a454796648) Importer(815301076,1909f56bfc062723c751e8b465ee728b) [PhysX] Initialized MultithreadedTaskDispatcher with 16 workers.
 -> (artifact id: '7ab6ab8e00efda6e1a1d8ebb6fc9f9af') in 0.021077 seconds
Number of updated asset objects reloaded before import = 0
Number of asset objects unloaded after import = 3
========================================================================
Received Import Request.
  Time since last request: 0.000030 seconds.
  path: Assets/FantasySwampTiles_Sliced/Terrain_and_Props_234.asset
  artifactKey: Guid(b5fbcf8d8e93b7547bd21e1ebb3d4079) Importer(815301076,1909f56bfc062723c751e8b465ee728b)
Start importing Assets/FantasySwampTiles_Sliced/Terrain_and_Props_234.asset using Guid(b5fbcf8d8e93b7547bd21e1ebb3d4079) Importer(815301076,1909f56bfc062723c751e8b465ee728b) [PhysX] Initialized MultithreadedTaskDispatcher with 16 workers.
 -> (artifact id: '84fa422c2ef42978f97305c25cb82233') in 0.016508 seconds
Number of updated asset objects reloaded before import = 0
Number of asset objects unloaded after import = 3
========================================================================
Received Import Request.
  Time since last request: 0.000028 seconds.
  path: Assets/FantasySwampTiles_Sliced/Terrain_and_Props_230.asset
  artifactKey: Guid(f23b7c3c7a19cf0429802bffbbb4c485) Importer(815301076,1909f56bfc062723c751e8b465ee728b)
Start importing Assets/FantasySwampTiles_Sliced/Terrain_and_Props_230.asset using Guid(f23b7c3c7a19cf0429802bffbbb4c485) Importer(815301076,1909f56bfc062723c751e8b465ee728b) [PhysX] Initialized MultithreadedTaskDispatcher with 16 workers.
 -> (artifact id: 'ee38201210b79a1ebe49d0fd422e559b') in 0.019406 seconds
Number of updated asset objects reloaded before import = 0
Number of asset objects unloaded after import = 3
========================================================================
Received Import Request.
  Time since last request: 0.000022 seconds.
  path: Assets/FantasySwampTiles_Sliced/Terrain_and_Props_260.asset
  artifactKey: Guid(972b2e1bb16f6e44a91ee91278828dd1) Importer(815301076,1909f56bfc062723c751e8b465ee728b)
Start importing Assets/FantasySwampTiles_Sliced/Terrain_and_Props_260.asset using Guid(972b2e1bb16f6e44a91ee91278828dd1) Importer(815301076,1909f56bfc062723c751e8b465ee728b) [PhysX] Initialized MultithreadedTaskDispatcher with 16 workers.
 -> (artifact id: 'e2d4442a92f5b1289065500592773adf') in 0.019117 seconds
Number of updated asset objects reloaded before import = 0
Number of asset objects unloaded after import = 3
========================================================================
Received Import Request.
  Time since last request: 0.000030 seconds.
  path: Assets/FantasySwampTiles_Sliced/Terrain_and_Props_241.asset
  artifactKey: Guid(dab8be3b770d9cc4294bf3bc900397e4) Importer(815301076,1909f56bfc062723c751e8b465ee728b)
Start importing Assets/FantasySwampTiles_Sliced/Terrain_and_Props_241.asset using Guid(dab8be3b770d9cc4294bf3bc900397e4) Importer(815301076,1909f56bfc062723c751e8b465ee728b) [PhysX] Initialized MultithreadedTaskDispatcher with 16 workers.
 -> (artifact id: 'd45726ba8f90815189a11934b59e7f7a') in 0.018169 seconds
Number of updated asset objects reloaded before import = 0
Number of asset objects unloaded after import = 3
========================================================================
Received Import Request.
  Time since last request: 0.000042 seconds.
  path: Assets/FantasySwampTiles_Sliced/Terrain_and_Props_256.asset
  artifactKey: Guid(acee50534968c4e4f9ebfc77ad481b60) Importer(815301076,1909f56bfc062723c751e8b465ee728b)
Start importing Assets/FantasySwampTiles_Sliced/Terrain_and_Props_256.asset using Guid(acee50534968c4e4f9ebfc77ad481b60) Importer(815301076,1909f56bfc062723c751e8b465ee728b) [PhysX] Initialized MultithreadedTaskDispatcher with 16 workers.
 -> (artifact id: 'bc5bc4b4ab992677cc46cba458c4fffc') in 0.019380 seconds
Number of updated asset objects reloaded before import = 0
Number of asset objects unloaded after import = 3
========================================================================
Received Import Request.
  Time since last request: 0.000029 seconds.
  path: Assets/FantasySwampTiles_Sliced/Terrain_and_Props_254.asset
  artifactKey: Guid(605d79fca68ecee438652ab67189d1ff) Importer(815301076,1909f56bfc062723c751e8b465ee728b)
Start importing Assets/FantasySwampTiles_Sliced/Terrain_and_Props_254.asset using Guid(605d79fca68ecee438652ab67189d1ff) Importer(815301076,1909f56bfc062723c751e8b465ee728b) [PhysX] Initialized MultithreadedTaskDispatcher with 16 workers.
 -> (artifact id: '17718cb5f12f32092f9e7e23dfb64a36') in 0.018804 seconds
Number of updated asset objects reloaded before import = 0
Number of asset objects unloaded after import = 3
========================================================================
Received Import Request.
  Time since last request: 0.000036 seconds.
  path: Assets/FantasySwampTiles_Sliced/Terrain_and_Props_251.asset
  artifactKey: Guid(3f43c3b04972f304da391c1dc4d36017) Importer(815301076,1909f56bfc062723c751e8b465ee728b)
Start importing Assets/FantasySwampTiles_Sliced/Terrain_and_Props_251.asset using Guid(3f43c3b04972f304da391c1dc4d36017) Importer(815301076,1909f56bfc062723c751e8b465ee728b) [PhysX] Initialized MultithreadedTaskDispatcher with 16 workers.
 -> (artifact id: '0a32e9b01cf3d5c9191ff335402adcb1') in 0.021517 seconds
Number of updated asset objects reloaded before import = 0
Number of asset objects unloaded after import = 3
========================================================================
Received Import Request.
  Time since last request: 0.008020 seconds.
  path: Assets/FantasySwampTiles_Sliced/Terrain_and_Props_255.asset
  artifactKey: Guid(0218869f382dd5e4791bb407241e32a6) Importer(815301076,1909f56bfc062723c751e8b465ee728b)
Start importing Assets/FantasySwampTiles_Sliced/Terrain_and_Props_255.asset using Guid(0218869f382dd5e4791bb407241e32a6) Importer(815301076,1909f56bfc062723c751e8b465ee728b) [PhysX] Initialized MultithreadedTaskDispatcher with 16 workers.
 -> (artifact id: '1df1c63ebacb298ac1c3ab070b1d1bbf') in 0.008479 seconds
Number of updated asset objects reloaded before import = 0
Number of asset objects unloaded after import = 3
========================================================================
Received Import Request.
  Time since last request: 0.002218 seconds.
  path: Assets/FantasySwampTiles_Sliced/Terrain_and_Props_233.asset
  artifactKey: Guid(6522f488e040b1c4aab9a41205ac76d5) Importer(815301076,1909f56bfc062723c751e8b465ee728b)
Start importing Assets/FantasySwampTiles_Sliced/Terrain_and_Props_233.asset using Guid(6522f488e040b1c4aab9a41205ac76d5) Importer(815301076,1909f56bfc062723c751e8b465ee728b) [PhysX] Initialized MultithreadedTaskDispatcher with 16 workers.
 -> (artifact id: 'ef77e8217823d04b907375827f5926de') in 0.019483 seconds
Number of updated asset objects reloaded before import = 0
Number of asset objects unloaded after import = 3
========================================================================
Received Import Request.
  Time since last request: 0.000032 seconds.
  path: Assets/FantasySwampTiles_Sliced/Terrain_and_Props_246.asset
  artifactKey: Guid(d8085d64199927e4f99e44362c3aec7f) Importer(815301076,1909f56bfc062723c751e8b465ee728b)
Start importing Assets/FantasySwampTiles_Sliced/Terrain_and_Props_246.asset using Guid(d8085d64199927e4f99e44362c3aec7f) Importer(815301076,1909f56bfc062723c751e8b465ee728b) [PhysX] Initialized MultithreadedTaskDispatcher with 16 workers.
 -> (artifact id: '29ce388f606d88d411450f0fbf5d36bd') in 0.020226 seconds
Number of updated asset objects reloaded before import = 0
Number of asset objects unloaded after import = 3
========================================================================
Received Import Request.
  Time since last request: 0.000032 seconds.
  path: Assets/FantasySwampTiles_Sliced/Terrain_and_Props_236.asset
  artifactKey: Guid(194d9b997cfe459428c4efb862d7c077) Importer(815301076,1909f56bfc062723c751e8b465ee728b)
Start importing Assets/FantasySwampTiles_Sliced/Terrain_and_Props_236.asset using Guid(194d9b997cfe459428c4efb862d7c077) Importer(815301076,1909f56bfc062723c751e8b465ee728b) [PhysX] Initialized MultithreadedTaskDispatcher with 16 workers.
 -> (artifact id: '324313c0e80027abb9384d33e25a779a') in 0.020433 seconds
Number of updated asset objects reloaded before import = 0
Number of asset objects unloaded after import = 3
========================================================================
Received Import Request.
  Time since last request: 0.000033 seconds.
  path: Assets/FantasySwampTiles_Sliced/Terrain_and_Props_227.asset
  artifactKey: Guid(aa91ecd3ef624ad42ac69b87ea551e9b) Importer(815301076,1909f56bfc062723c751e8b465ee728b)
Start importing Assets/FantasySwampTiles_Sliced/Terrain_and_Props_227.asset using Guid(aa91ecd3ef624ad42ac69b87ea551e9b) Importer(815301076,1909f56bfc062723c751e8b465ee728b) [PhysX] Initialized MultithreadedTaskDispatcher with 16 workers.
 -> (artifact id: '34befc907db766607e06425bada08d5a') in 0.020870 seconds
Number of updated asset objects reloaded before import = 0
Number of asset objects unloaded after import = 3
========================================================================
Received Import Request.
  Time since last request: 0.000029 seconds.
  path: Assets/FantasySwampTiles_Sliced/Terrain_and_Props_239.asset
  artifactKey: Guid(20ead32c04be45a40bd40872ba08a9cf) Importer(815301076,1909f56bfc062723c751e8b465ee728b)
Start importing Assets/FantasySwampTiles_Sliced/Terrain_and_Props_239.asset using Guid(20ead32c04be45a40bd40872ba08a9cf) Importer(815301076,1909f56bfc062723c751e8b465ee728b) [PhysX] Initialized MultithreadedTaskDispatcher with 16 workers.
 -> (artifact id: 'eb7e6dc6f9583278d381798e87d4769d') in 0.020280 seconds
Number of updated asset objects reloaded before import = 0
Number of asset objects unloaded after import = 3
========================================================================
Received Import Request.
  Time since last request: 0.000026 seconds.
  path: Assets/FantasySwampTiles_Sliced/Terrain_and_Props_249.asset
  artifactKey: Guid(83925869d7a1ecb42a2cd57ff8fd9bf4) Importer(815301076,1909f56bfc062723c751e8b465ee728b)
Start importing Assets/FantasySwampTiles_Sliced/Terrain_and_Props_249.asset using Guid(83925869d7a1ecb42a2cd57ff8fd9bf4) Importer(815301076,1909f56bfc062723c751e8b465ee728b) [PhysX] Initialized MultithreadedTaskDispatcher with 16 workers.
 -> (artifact id: 'd8c1e4e7d1d3568149f21fe87859c225') in 0.019223 seconds
Number of updated asset objects reloaded before import = 0
Number of asset objects unloaded after import = 3
========================================================================
Received Import Request.
  Time since last request: 0.000029 seconds.
  path: Assets/FantasySwampTiles_Sliced/Terrain_and_Props_258.asset
  artifactKey: Guid(5f8f39234fa8317439e0774015581941) Importer(815301076,1909f56bfc062723c751e8b465ee728b)
Start importing Assets/FantasySwampTiles_Sliced/Terrain_and_Props_258.asset using Guid(5f8f39234fa8317439e0774015581941) Importer(815301076,1909f56bfc062723c751e8b465ee728b) [PhysX] Initialized MultithreadedTaskDispatcher with 16 workers.
 -> (artifact id: '368d40f8e0658e0cfd2d7f5337f1cc9d') in 0.008486 seconds
Number of updated asset objects reloaded before import = 0
Number of asset objects unloaded after import = 3
========================================================================
Received Import Request.
  Time since last request: 0.000038 seconds.
  path: Assets/FantasySwampTiles_Sliced/Terrain_and_Props_224.asset
  artifactKey: Guid(01bfb1d82d5d28d45aab4317f19ee55f) Importer(815301076,1909f56bfc062723c751e8b465ee728b)
Start importing Assets/FantasySwampTiles_Sliced/Terrain_and_Props_224.asset using Guid(01bfb1d82d5d28d45aab4317f19ee55f) Importer(815301076,1909f56bfc062723c751e8b465ee728b) [PhysX] Initialized MultithreadedTaskDispatcher with 16 workers.
 -> (artifact id: '2109a7c7e949bc849c84dc14a9b4627d') in 0.019475 seconds
Number of updated asset objects reloaded before import = 0
Number of asset objects unloaded after import = 3
========================================================================
Received Import Request.
  Time since last request: 0.000057 seconds.
  path: Assets/FantasySwampTiles_Sliced/Terrain_and_Props_245.asset
  artifactKey: Guid(387f6340c9a8a8540aa9a9af769359e8) Importer(815301076,1909f56bfc062723c751e8b465ee728b)
Start importing Assets/FantasySwampTiles_Sliced/Terrain_and_Props_245.asset using Guid(387f6340c9a8a8540aa9a9af769359e8) Importer(815301076,1909f56bfc062723c751e8b465ee728b) [PhysX] Initialized MultithreadedTaskDispatcher with 16 workers.
 -> (artifact id: '796bcf2e41a47c1401743699ad7ad123') in 0.022735 seconds
Number of updated asset objects reloaded before import = 0
Number of asset objects unloaded after import = 3
========================================================================
Received Import Request.
  Time since last request: 0.000031 seconds.
  path: Assets/FantasySwampTiles_Sliced/Terrain_and_Props_263.asset
  artifactKey: Guid(a83f9ce67fd5fc947b904555ed9fe7c1) Importer(815301076,1909f56bfc062723c751e8b465ee728b)
Start importing Assets/FantasySwampTiles_Sliced/Terrain_and_Props_263.asset using Guid(a83f9ce67fd5fc947b904555ed9fe7c1) Importer(815301076,1909f56bfc062723c751e8b465ee728b) [PhysX] Initialized MultithreadedTaskDispatcher with 16 workers.
 -> (artifact id: '60eaef314b4fe778f4b12429f5d2ea22') in 0.019424 seconds
Number of updated asset objects reloaded before import = 0
Number of asset objects unloaded after import = 3
========================================================================
Received Prepare
Caller must complete domain reload
Begin MonoManager ReloadAssembly
- Loaded All Assemblies, in  0.719 seconds
Native extension for WindowsStandalone target not found
Native extension for Android target not found
Native extension for WebGL target not found
[Package Manager] Server::EnsureServerProcessIsRunning -- launch failed, reason: Unity was launched with the -noUpm command-line argument
[Package Manager] UpmClient::Send -- Unable to send message (not connected to UPM process).
[Package Manager] Cannot connect to Unity Package Manager local server
Mono: successfully reloaded assembly
- Finished resetting the current domain, in  0.516 seconds
Domain Reload Profiling: 1236ms
	BeginReloadAssembly (354ms)
		ExecutionOrderSort (0ms)
		DisableScriptedObjects (200ms)
		BackupInstance (0ms)
		ReleaseScriptingObjects (0ms)
		CreateAndSetChildDomain (43ms)
	RebuildCommonClasses (24ms)
	RebuildNativeTypeToScriptingClass (9ms)
	initialDomainReloadingComplete (23ms)
	LoadAllAssembliesAndSetupDomain (310ms)
		LoadAssemblies (365ms)
		RebuildTransferFunctionScriptingTraits (0ms)
		AnalyzeDomain (28ms)
			TypeCache.Refresh (10ms)
				TypeCache.ScanAssembly (0ms)
			ScanForSourceGeneratedMonoScriptInfo (11ms)
			ResolveRequiredComponents (5ms)
	FinalizeReload (516ms)
		ReleaseScriptCaches (0ms)
		RebuildScriptCaches (0ms)
		SetupLoadedEditorAssemblies (368ms)
			LogAssemblyErrors (0ms)
			InitializePlatformSupportModulesInManaged (14ms)
			SetLoadedEditorAssemblies (3ms)
			RefreshPlugins (0ms)
			BeforeProcessingInitializeOnLoad (58ms)
			ProcessInitializeOnLoadAttributes (266ms)
			ProcessInitializeOnLoadMethodAttributes (24ms)
			AfterProcessingInitializeOnLoad (3ms)
			EditorAssembliesLoaded (0ms)
		ExecutionOrderSort2 (0ms)
		AwakeInstancesAfterBackupRestoration (10ms)
Refreshing native plugins compatible for Editor in 1.70 ms, found 4 plugins.
Preloading 0 native plugins for Editor in 0.00 ms.
Unloading 4023 Unused Serialized files (Serialized files now loaded: 0)
Unloading 25 unused Assets / (213.3 KB). Loaded Objects now: 4505.
Memory consumption went from 144.6 MB to 144.3 MB.
Total: 2.969800 ms (FindLiveObjects: 0.217200 ms CreateObjectMapping: 0.109200 ms MarkObjects: 2.492200 ms  DeleteObjects: 0.150200 ms)

Prepare: number of updated asset objects reloaded= 0
AssetImportParameters requested are different than current active one (requested -> active):
  custom:container-demuxer-ogg: 62fdf1f143b41e24485cea50d1cbac27 -> 
  custom:video-decoder-ogg-theora: a1e56fd34408186e4bbccfd4996cb3dc -> 
  custom:framework-win-MediaFoundation: 216162199b28c13a410421893ffa2e32 -> 
  custom:CustomObjectIndexerAttribute: 9a22284fe3817be447336de3de66b15e -> 
  custom:container-demuxer-webm: 4f35f7cbe854078d1ac9338744f61a02 -> 
  custom:container-muxer-webm: aa71ff27fc2769a1b78a27578f13a17b -> 
  custom:video-decoder-webm-vp8: 9c59270c3fd7afecdb556c50c9e8de78 -> 
  custom:SearchIndexIgnoredProperties: e643bd26f0fe6173181afceb89e7c659 -> 
  custom:AudioImporter_EditorPlatform: d09bf68614088b80899f8185d706f6e7 -> 
  custom:scripting/monoscript/fileName/Bandit.cs: ca1d73c4f52e2ca39eaf8f2ec521b8f3 -> 
  custom:video-encoder-webm-vp8: eb34c28f22e8b96e1ab97ce403110664 -> 
  custom:audio-decoder-ogg-vorbis: bf7c407c2cedff20999df2af8eb42d56 -> 
  custom:scripting/monoscript/fileName/Sensor_Bandit.cs: b82e7b91239162915bd4535dd2e23f94 -> 
  custom:audio-encoder-webm-vorbis: bf7c407c2cedff20999df2af8eb42d56 -> 
  custom:scripting/precompiled-assembly-types:Assembly-CSharp: e7f9fd8fd04c5d1f03bdd56dc518de9d -> 
========================================================================
Received Import Request.
  Time since last request: 1264.618674 seconds.
  path: Assets/Bandits - Pixel Art/Demo/LightBandit.prefab
  artifactKey: Guid(2e2183501755a214591e802f3aff33d2) Importer(815301076,1909f56bfc062723c751e8b465ee728b)
Start importing Assets/Bandits - Pixel Art/Demo/LightBandit.prefab using Guid(2e2183501755a214591e802f3aff33d2) Importer(815301076,1909f56bfc062723c751e8b465ee728b) [PhysX] Initialized MultithreadedTaskDispatcher with 16 workers.
 -> (artifact id: '117373259e1181e380183eb1f5b3957c') in 0.002184 seconds
Number of updated asset objects reloaded before import = 0
Number of asset objects unloaded after import = 0
