Using pre-set license
Built from '2022.3/staging' branch; Version is '2022.3.44f1 (c3ae09b9f03c) revision 12824073'; Using compiler version '192829333'; Build Type 'Release'
OS: 'Windows 11  (10.0.22631) 64bit CoreSingleLanguage' Language: 'en' Physical Memory: 16008 MB
BatchMode: 1, IsHumanControllingUs: 0, StartBugReporterOnCrash: 0, Is64bit: 1, IsPro: 1

COMMAND LINE ARGUMENTS:
C:\Program Files\Unity\Hub\Editor\2022.3.44f1\Editor\Unity.exe
-adb2
-batchMode
-noUpm
-name
AssetImportWorker1
-projectPath
D:/Data/Unity2D/bladeoflumora
-logFile
Logs/AssetImportWorker1.log
-srvPort
49989
Successfully changed project path to: D:/Data/Unity2D/bladeoflumora
D:/Data/Unity2D/bladeoflumora
[UnityMemory] Configuration Parameters - Can be set up in boot.config
    "memorysetup-bucket-allocator-granularity=16"
    "memorysetup-bucket-allocator-bucket-count=8"
    "memorysetup-bucket-allocator-block-size=33554432"
    "memorysetup-bucket-allocator-block-count=8"
    "memorysetup-main-allocator-block-size=16777216"
    "memorysetup-thread-allocator-block-size=16777216"
    "memorysetup-gfx-main-allocator-block-size=16777216"
    "memorysetup-gfx-thread-allocator-block-size=16777216"
    "memorysetup-cache-allocator-block-size=4194304"
    "memorysetup-typetree-allocator-block-size=2097152"
    "memorysetup-profiler-bucket-allocator-granularity=16"
    "memorysetup-profiler-bucket-allocator-bucket-count=8"
    "memorysetup-profiler-bucket-allocator-block-size=33554432"
    "memorysetup-profiler-bucket-allocator-block-count=8"
    "memorysetup-profiler-allocator-block-size=16777216"
    "memorysetup-profiler-editor-allocator-block-size=1048576"
    "memorysetup-temp-allocator-size-main=16777216"
    "memorysetup-job-temp-allocator-block-size=2097152"
    "memorysetup-job-temp-allocator-block-size-background=1048576"
    "memorysetup-job-temp-allocator-reduction-small-platforms=262144"
    "memorysetup-allocator-temp-initial-block-size-main=262144"
    "memorysetup-allocator-temp-initial-block-size-worker=262144"
    "memorysetup-temp-allocator-size-background-worker=32768"
    "memorysetup-temp-allocator-size-job-worker=262144"
    "memorysetup-temp-allocator-size-preload-manager=33554432"
    "memorysetup-temp-allocator-size-nav-mesh-worker=65536"
    "memorysetup-temp-allocator-size-audio-worker=65536"
    "memorysetup-temp-allocator-size-cloud-worker=32768"
    "memorysetup-temp-allocator-size-gi-baking-worker=262144"
    "memorysetup-temp-allocator-size-gfx=262144"
Player connection [6624]  Target information:

Player connection [6624]  * "[IP] 192.168.56.1 [Port] 0 [Flags] 2 [Guid] 4046123041 [EditorId] 4046123041 [Version] 1048832 [Id] WindowsEditor(7,DESKTOP-2F77F3H) [Debug] 1 [PackageName] WindowsEditor [ProjectName] Editor" 

Player connection [6624]  * "[IP] 192.168.1.6 [Port] 0 [Flags] 2 [Guid] 4046123041 [EditorId] 4046123041 [Version] 1048832 [Id] WindowsEditor(7,DESKTOP-2F77F3H) [Debug] 1 [PackageName] WindowsEditor [ProjectName] Editor" 

Player connection [6624] Host joined multi-casting on [225.0.0.222:54997]...
Player connection [6624] Host joined alternative multi-casting on [225.0.0.222:34997]...
[PhysX] Initialized MultithreadedTaskDispatcher with 16 workers.
Refreshing native plugins compatible for Editor in 12.78 ms, found 4 plugins.
Preloading 0 native plugins for Editor in 0.00 ms.
Initialize engine version: 2022.3.44f1 (c3ae09b9f03c)
[Subsystems] Discovering subsystems at path C:/Program Files/Unity/Hub/Editor/2022.3.44f1/Editor/Data/Resources/UnitySubsystems
[Subsystems] Discovering subsystems at path D:/Data/Unity2D/bladeoflumora/Assets
GfxDevice: creating device client; threaded=0; jobified=0
Direct3D:
    Version:  Direct3D 11.0 [level 11.1]
    Renderer: Intel(R) Iris(R) Xe Graphics (ID=0x46a6)
    Vendor:   Intel
    VRAM:     8004 MB
    Driver:   31.0.101.4255
Initialize mono
Mono path[0] = 'C:/Program Files/Unity/Hub/Editor/2022.3.44f1/Editor/Data/Managed'
Mono path[1] = 'C:/Program Files/Unity/Hub/Editor/2022.3.44f1/Editor/Data/MonoBleedingEdge/lib/mono/unityjit-win32'
Mono config path = 'C:/Program Files/Unity/Hub/Editor/2022.3.44f1/Editor/Data/MonoBleedingEdge/etc'
Using monoOptions --debugger-agent=transport=dt_socket,embedding=1,server=y,suspend=n,address=127.0.0.1:56984
Begin MonoManager ReloadAssembly
Registering precompiled unity dll's ...
Register platform support module: C:/Program Files/Unity/Hub/Editor/2022.3.44f1/Editor/Data/PlaybackEngines/WebGLSupport/UnityEditor.WebGL.Extensions.dll
Register platform support module: C:/Program Files/Unity/Hub/Editor/2022.3.44f1/Editor/Data/PlaybackEngines/AndroidPlayer/UnityEditor.Android.Extensions.dll
Register platform support module: C:/Program Files/Unity/Hub/Editor/2022.3.44f1/Editor/Data/PlaybackEngines/WindowsStandaloneSupport/UnityEditor.WindowsStandalone.Extensions.dll
Registered in 0.017597 seconds.
- Loaded All Assemblies, in  0.759 seconds
Native extension for WindowsStandalone target not found
Native extension for Android target not found
Android Extension - Scanning For ADB Devices 491 ms
Native extension for WebGL target not found
Mono: successfully reloaded assembly
- Finished resetting the current domain, in  1.072 seconds
Domain Reload Profiling: 1829ms
	BeginReloadAssembly (237ms)
		ExecutionOrderSort (0ms)
		DisableScriptedObjects (0ms)
		BackupInstance (0ms)
		ReleaseScriptingObjects (0ms)
		CreateAndSetChildDomain (1ms)
	RebuildCommonClasses (66ms)
	RebuildNativeTypeToScriptingClass (22ms)
	initialDomainReloadingComplete (122ms)
	LoadAllAssembliesAndSetupDomain (309ms)
		LoadAssemblies (236ms)
		RebuildTransferFunctionScriptingTraits (0ms)
		AnalyzeDomain (303ms)
			TypeCache.Refresh (300ms)
				TypeCache.ScanAssembly (269ms)
			ScanForSourceGeneratedMonoScriptInfo (1ms)
			ResolveRequiredComponents (1ms)
	FinalizeReload (1073ms)
		ReleaseScriptCaches (0ms)
		RebuildScriptCaches (0ms)
		SetupLoadedEditorAssemblies (984ms)
			LogAssemblyErrors (0ms)
			InitializePlatformSupportModulesInManaged (645ms)
			SetLoadedEditorAssemblies (9ms)
			RefreshPlugins (0ms)
			BeforeProcessingInitializeOnLoad (4ms)
			ProcessInitializeOnLoadAttributes (233ms)
			ProcessInitializeOnLoadMethodAttributes (93ms)
			AfterProcessingInitializeOnLoad (0ms)
			EditorAssembliesLoaded (0ms)
		ExecutionOrderSort2 (0ms)
		AwakeInstancesAfterBackupRestoration (0ms)
========================================================================
Worker process is ready to serve import requests
Caller must complete domain reload
Begin MonoManager ReloadAssembly
- Loaded All Assemblies, in  1.370 seconds
Native extension for WindowsStandalone target not found
Native extension for Android target not found
Native extension for WebGL target not found
Package Manager log level set to [2]
[Package Manager] Server::EnsureServerProcessIsRunning -- launch failed, reason: Unity was launched with the -noUpm command-line argument
[Package Manager] UpmClient::Send -- Unable to send message (not connected to UPM process).
[Package Manager] Cannot connect to Unity Package Manager local server
Mono: successfully reloaded assembly
- Finished resetting the current domain, in  1.473 seconds
Domain Reload Profiling: 2841ms
	BeginReloadAssembly (278ms)
		ExecutionOrderSort (0ms)
		DisableScriptedObjects (13ms)
		BackupInstance (0ms)
		ReleaseScriptingObjects (0ms)
		CreateAndSetChildDomain (33ms)
	RebuildCommonClasses (72ms)
	RebuildNativeTypeToScriptingClass (19ms)
	initialDomainReloadingComplete (82ms)
	LoadAllAssembliesAndSetupDomain (916ms)
		LoadAssemblies (681ms)
		RebuildTransferFunctionScriptingTraits (0ms)
		AnalyzeDomain (400ms)
			TypeCache.Refresh (336ms)
				TypeCache.ScanAssembly (303ms)
			ScanForSourceGeneratedMonoScriptInfo (51ms)
			ResolveRequiredComponents (12ms)
	FinalizeReload (1474ms)
		ReleaseScriptCaches (0ms)
		RebuildScriptCaches (0ms)
		SetupLoadedEditorAssemblies (1131ms)
			LogAssemblyErrors (0ms)
			InitializePlatformSupportModulesInManaged (43ms)
			SetLoadedEditorAssemblies (8ms)
			RefreshPlugins (0ms)
			BeforeProcessingInitializeOnLoad (142ms)
			ProcessInitializeOnLoadAttributes (837ms)
			ProcessInitializeOnLoadMethodAttributes (91ms)
			AfterProcessingInitializeOnLoad (10ms)
			EditorAssembliesLoaded (0ms)
		ExecutionOrderSort2 (0ms)
		AwakeInstancesAfterBackupRestoration (17ms)
Launched and connected shader compiler UnityShaderCompiler.exe after 0.09 seconds
Refreshing native plugins compatible for Editor in 6.46 ms, found 4 plugins.
Preloading 0 native plugins for Editor in 0.00 ms.
Unloading 4027 Unused Serialized files (Serialized files now loaded: 0)
Unloading 38 unused Assets / (241.4 KB). Loaded Objects now: 4492.
Memory consumption went from 141.0 MB to 140.8 MB.
Total: 8.208500 ms (FindLiveObjects: 0.611300 ms CreateObjectMapping: 0.387700 ms MarkObjects: 6.718600 ms  DeleteObjects: 0.488100 ms)

AssetImportParameters requested are different than current active one (requested -> active):
  custom:container-demuxer-ogg: 62fdf1f143b41e24485cea50d1cbac27 -> 
  custom:video-decoder-ogg-theora: a1e56fd34408186e4bbccfd4996cb3dc -> 
  custom:framework-win-MediaFoundation: 216162199b28c13a410421893ffa2e32 -> 
  custom:CustomObjectIndexerAttribute: 9a22284fe3817be447336de3de66b15e -> 
  custom:container-demuxer-webm: 4f35f7cbe854078d1ac9338744f61a02 -> 
  custom:container-muxer-webm: aa71ff27fc2769a1b78a27578f13a17b -> 
  custom:video-decoder-webm-vp8: 9c59270c3fd7afecdb556c50c9e8de78 -> 
  custom:SearchIndexIgnoredProperties: e643bd26f0fe6173181afceb89e7c659 -> 
  custom:AudioImporter_EditorPlatform: d09bf68614088b80899f8185d706f6e7 -> 
  custom:video-encoder-webm-vp8: eb34c28f22e8b96e1ab97ce403110664 -> 
  custom:audio-decoder-ogg-vorbis: bf7c407c2cedff20999df2af8eb42d56 -> 
  custom:audio-encoder-webm-vorbis: bf7c407c2cedff20999df2af8eb42d56 -> 
========================================================================
Received Import Request.
  Time since last request: 7981.427217 seconds.
  path: Assets/BG_2.png
  artifactKey: Guid(bbafbdfcba54c694991e279d244c9340) Importer(815301076,1909f56bfc062723c751e8b465ee728b)
Start importing Assets/BG_2.png using Guid(bbafbdfcba54c694991e279d244c9340) Importer(815301076,1909f56bfc062723c751e8b465ee728b) [PhysX] Initialized MultithreadedTaskDispatcher with 16 workers.
[PhysX] Initialized MultithreadedTaskDispatcher with 16 workers.
 -> (artifact id: '6ea16974d28526b579c05ee6ba455e18') in 0.234355 seconds
Number of updated asset objects reloaded before import = 0
Number of asset objects unloaded after import = 3
========================================================================
Received Import Request.
  Time since last request: 6474.485707 seconds.
  path: Assets/FantasySwampTiles_Sliced/Terrain_and_Props_156.asset
  artifactKey: Guid(35bab1ff304eba242a11190171b7bc9a) Importer(815301076,1909f56bfc062723c751e8b465ee728b)
Start importing Assets/FantasySwampTiles_Sliced/Terrain_and_Props_156.asset using Guid(35bab1ff304eba242a11190171b7bc9a) Importer(815301076,1909f56bfc062723c751e8b465ee728b) [PhysX] Initialized MultithreadedTaskDispatcher with 16 workers.
 -> (artifact id: '4c005bf288af6662909c0b093962c7bd') in 0.865550 seconds
Number of updated asset objects reloaded before import = 0
Number of asset objects unloaded after import = 3
========================================================================
Received Import Request.
  Time since last request: 0.000648 seconds.
  path: Assets/FantasySwampTiles_Sliced/Terrain_and_Props_191.asset
  artifactKey: Guid(1d402a8f08d91db4fa8dbd2431f8fcf8) Importer(815301076,1909f56bfc062723c751e8b465ee728b)
Start importing Assets/FantasySwampTiles_Sliced/Terrain_and_Props_191.asset using Guid(1d402a8f08d91db4fa8dbd2431f8fcf8) Importer(815301076,1909f56bfc062723c751e8b465ee728b) [PhysX] Initialized MultithreadedTaskDispatcher with 16 workers.
 -> (artifact id: 'e459d32a79d9b831c57ec4b82ef1283c') in 0.060935 seconds
Number of updated asset objects reloaded before import = 0
Number of asset objects unloaded after import = 3
========================================================================
Received Import Request.
  Time since last request: 0.000122 seconds.
  path: Assets/FantasySwampTiles_Sliced/Terrain_and_Props_171.asset
  artifactKey: Guid(62e582191e7406040be2eaf6f355cb81) Importer(815301076,1909f56bfc062723c751e8b465ee728b)
Start importing Assets/FantasySwampTiles_Sliced/Terrain_and_Props_171.asset using Guid(62e582191e7406040be2eaf6f355cb81) Importer(815301076,1909f56bfc062723c751e8b465ee728b) [PhysX] Initialized MultithreadedTaskDispatcher with 16 workers.
 -> (artifact id: 'ae19c603f448ca6690e9db4e4a48a845') in 0.059231 seconds
Number of updated asset objects reloaded before import = 0
Number of asset objects unloaded after import = 3
========================================================================
Received Import Request.
  Time since last request: 0.000071 seconds.
  path: Assets/FantasySwampTiles_Sliced/Terrain_and_Props_177.asset
  artifactKey: Guid(cff7aae5f98895f4cb1645bba67d8105) Importer(815301076,1909f56bfc062723c751e8b465ee728b)
Start importing Assets/FantasySwampTiles_Sliced/Terrain_and_Props_177.asset using Guid(cff7aae5f98895f4cb1645bba67d8105) Importer(815301076,1909f56bfc062723c751e8b465ee728b) [PhysX] Initialized MultithreadedTaskDispatcher with 16 workers.
 -> (artifact id: '5fcaa180347b488319e5b15feed03433') in 0.088829 seconds
Number of updated asset objects reloaded before import = 0
Number of asset objects unloaded after import = 3
========================================================================
Received Import Request.
  Time since last request: 0.000117 seconds.
  path: Assets/FantasySwampTiles_Sliced/Terrain_and_Props_157.asset
  artifactKey: Guid(21afc3ca8516381419503255e2aa135b) Importer(815301076,1909f56bfc062723c751e8b465ee728b)
Start importing Assets/FantasySwampTiles_Sliced/Terrain_and_Props_157.asset using Guid(21afc3ca8516381419503255e2aa135b) Importer(815301076,1909f56bfc062723c751e8b465ee728b) [PhysX] Initialized MultithreadedTaskDispatcher with 16 workers.
 -> (artifact id: '383baa71d8485b5f193123d9b2638982') in 0.062283 seconds
Number of updated asset objects reloaded before import = 0
Number of asset objects unloaded after import = 3
========================================================================
Received Import Request.
  Time since last request: 0.000103 seconds.
  path: Assets/FantasySwampTiles_Sliced/Terrain_and_Props_175.asset
  artifactKey: Guid(8ffca81d9791ca34ca021156db67f0e4) Importer(815301076,1909f56bfc062723c751e8b465ee728b)
Start importing Assets/FantasySwampTiles_Sliced/Terrain_and_Props_175.asset using Guid(8ffca81d9791ca34ca021156db67f0e4) Importer(815301076,1909f56bfc062723c751e8b465ee728b) [PhysX] Initialized MultithreadedTaskDispatcher with 16 workers.
 -> (artifact id: '6a7bd97679594b752edc9adcf2aaaf8f') in 0.082412 seconds
Number of updated asset objects reloaded before import = 0
Number of asset objects unloaded after import = 3
========================================================================
Received Import Request.
  Time since last request: 0.000120 seconds.
  path: Assets/FantasySwampTiles_Sliced/Terrain_and_Props_169.asset
  artifactKey: Guid(d5cc5f2a7c2d49340899d253d1c540f6) Importer(815301076,1909f56bfc062723c751e8b465ee728b)
Start importing Assets/FantasySwampTiles_Sliced/Terrain_and_Props_169.asset using Guid(d5cc5f2a7c2d49340899d253d1c540f6) Importer(815301076,1909f56bfc062723c751e8b465ee728b) [PhysX] Initialized MultithreadedTaskDispatcher with 16 workers.
 -> (artifact id: '26814953873fe54b825eea61f9eb92b3') in 0.057151 seconds
Number of updated asset objects reloaded before import = 0
Number of asset objects unloaded after import = 3
========================================================================
Received Import Request.
  Time since last request: 0.000077 seconds.
  path: Assets/FantasySwampTiles_Sliced/Terrain_and_Props_193.asset
  artifactKey: Guid(0702d2176928a2648a4332c5e273609e) Importer(815301076,1909f56bfc062723c751e8b465ee728b)
Start importing Assets/FantasySwampTiles_Sliced/Terrain_and_Props_193.asset using Guid(0702d2176928a2648a4332c5e273609e) Importer(815301076,1909f56bfc062723c751e8b465ee728b) [PhysX] Initialized MultithreadedTaskDispatcher with 16 workers.
 -> (artifact id: 'ef917cae7a4c8fcd5be9ff0b4915c852') in 0.051818 seconds
Number of updated asset objects reloaded before import = 0
Number of asset objects unloaded after import = 3
========================================================================
Received Import Request.
  Time since last request: 0.000080 seconds.
  path: Assets/FantasySwampTiles_Sliced/Terrain_and_Props_162.asset
  artifactKey: Guid(2bcc2dd52ff482845a3665b101b40361) Importer(815301076,1909f56bfc062723c751e8b465ee728b)
Start importing Assets/FantasySwampTiles_Sliced/Terrain_and_Props_162.asset using Guid(2bcc2dd52ff482845a3665b101b40361) Importer(815301076,1909f56bfc062723c751e8b465ee728b) [PhysX] Initialized MultithreadedTaskDispatcher with 16 workers.
 -> (artifact id: 'cf5c1e17b1b964ed653f1274ef1a2842') in 0.063528 seconds
Number of updated asset objects reloaded before import = 0
Number of asset objects unloaded after import = 3
========================================================================
Received Import Request.
  Time since last request: 0.000061 seconds.
  path: Assets/FantasySwampTiles_Sliced/Terrain_and_Props_173.asset
  artifactKey: Guid(26f22df71fe37f84181621895ea60907) Importer(815301076,1909f56bfc062723c751e8b465ee728b)
Start importing Assets/FantasySwampTiles_Sliced/Terrain_and_Props_173.asset using Guid(26f22df71fe37f84181621895ea60907) Importer(815301076,1909f56bfc062723c751e8b465ee728b) [PhysX] Initialized MultithreadedTaskDispatcher with 16 workers.
 -> (artifact id: '6502b79f40ba1f80a4249662ba549860') in 0.058878 seconds
Number of updated asset objects reloaded before import = 0
Number of asset objects unloaded after import = 3
========================================================================
Received Import Request.
  Time since last request: 0.000084 seconds.
  path: Assets/FantasySwampTiles_Sliced/Terrain_and_Props_198.asset
  artifactKey: Guid(cbc6815d14ccd1b4fb3e3297d801e7e0) Importer(815301076,1909f56bfc062723c751e8b465ee728b)
Start importing Assets/FantasySwampTiles_Sliced/Terrain_and_Props_198.asset using Guid(cbc6815d14ccd1b4fb3e3297d801e7e0) Importer(815301076,1909f56bfc062723c751e8b465ee728b) [PhysX] Initialized MultithreadedTaskDispatcher with 16 workers.
 -> (artifact id: '06d234dc27c34210d09fe04b6c29a58a') in 0.054793 seconds
Number of updated asset objects reloaded before import = 0
Number of asset objects unloaded after import = 3
========================================================================
Received Import Request.
  Time since last request: 0.000094 seconds.
  path: Assets/FantasySwampTiles_Sliced/Terrain_and_Props_170.asset
  artifactKey: Guid(b1095e14f592dbb4c950acc40ea14636) Importer(815301076,1909f56bfc062723c751e8b465ee728b)
Start importing Assets/FantasySwampTiles_Sliced/Terrain_and_Props_170.asset using Guid(b1095e14f592dbb4c950acc40ea14636) Importer(815301076,1909f56bfc062723c751e8b465ee728b) [PhysX] Initialized MultithreadedTaskDispatcher with 16 workers.
 -> (artifact id: '43e98a2a02897ae4f9c63944c78824b2') in 0.051503 seconds
Number of updated asset objects reloaded before import = 0
Number of asset objects unloaded after import = 3
========================================================================
Received Import Request.
  Time since last request: 0.000102 seconds.
  path: Assets/FantasySwampTiles_Sliced/Terrain_and_Props_160.asset
  artifactKey: Guid(7241244d0fc71fc448cb5cf04bc6c9db) Importer(815301076,1909f56bfc062723c751e8b465ee728b)
Start importing Assets/FantasySwampTiles_Sliced/Terrain_and_Props_160.asset using Guid(7241244d0fc71fc448cb5cf04bc6c9db) Importer(815301076,1909f56bfc062723c751e8b465ee728b) [PhysX] Initialized MultithreadedTaskDispatcher with 16 workers.
 -> (artifact id: '5f3b58919341a4d3f612f8e2699d886e') in 0.058174 seconds
Number of updated asset objects reloaded before import = 0
Number of asset objects unloaded after import = 3
========================================================================
Received Import Request.
  Time since last request: 0.000071 seconds.
  path: Assets/FantasySwampTiles_Sliced/Terrain_and_Props_185.asset
  artifactKey: Guid(41f75c120e5329244a5ed22c562d7d4a) Importer(815301076,1909f56bfc062723c751e8b465ee728b)
Start importing Assets/FantasySwampTiles_Sliced/Terrain_and_Props_185.asset using Guid(41f75c120e5329244a5ed22c562d7d4a) Importer(815301076,1909f56bfc062723c751e8b465ee728b) [PhysX] Initialized MultithreadedTaskDispatcher with 16 workers.
 -> (artifact id: 'dc6f1ca90f408981ce8b125746124d78') in 0.079563 seconds
Number of updated asset objects reloaded before import = 0
Number of asset objects unloaded after import = 3
Editor requested this worker to shutdown with reason: Scaling down because of idle timeout
TcpMessagingSession - receive error: operation aborted. errorcode: 995, details: The I/O operation has been aborted because of either a thread exit or an application request.
AssetImportWorker is now disconnected from the server
Process exiting
Exiting without the bug reporter. Application will terminate with return code 0